{"C:\\Users\\hcosm\\Documents\\Revature\\Triviatastic\\triviatastic\\server\\src\\dao\\gameDAO.js": {"path":"C:\\Users\\hcosm\\Documents\\Revature\\Triviatastic\\triviatastic\\server\\src\\dao\\gameDAO.js","statementMap":{"0":{"start":{"line":1,"column":19},"end":{"line":1,"column":45}},"1":{"start":{"line":4,"column":27},"end":{"line":4,"column":62}},"2":{"start":{"line":5,"column":74},"end":{"line":5,"column":106}},"3":{"start":{"line":8,"column":15},"end":{"line":8,"column":58}},"4":{"start":{"line":9,"column":23},"end":{"line":9,"column":58}},"5":{"start":{"line":11,"column":19},"end":{"line":11,"column":33}},"6":{"start":{"line":15,"column":18},"end":{"line":15,"column":75}},"7":{"start":{"line":16,"column":2},"end":{"line":16,"column":37}},"8":{"start":{"line":17,"column":2},"end":{"line":17,"column":79}},"9":{"start":{"line":18,"column":2},"end":{"line":18,"column":18}},"10":{"start":{"line":23,"column":18},"end":{"line":26,"column":4}},"11":{"start":{"line":27,"column":19},"end":{"line":27,"column":53}},"12":{"start":{"line":28,"column":2},"end":{"line":28,"column":14}},"13":{"start":{"line":33,"column":18},"end":{"line":36,"column":4}},"14":{"start":{"line":37,"column":2},"end":{"line":37,"column":37}},"15":{"start":{"line":38,"column":2},"end":{"line":38,"column":73}},"16":{"start":{"line":41,"column":0},"end":{"line":41,"column":53}}},"fnMap":{"0":{"name":"createGame","decl":{"start":{"line":14,"column":15},"end":{"line":14,"column":25}},"loc":{"start":{"line":14,"column":36},"end":{"line":19,"column":1}},"line":14},"1":{"name":"getGame","decl":{"start":{"line":22,"column":15},"end":{"line":22,"column":22}},"loc":{"start":{"line":22,"column":39},"end":{"line":29,"column":1}},"line":22},"2":{"name":"deleteGame","decl":{"start":{"line":32,"column":15},"end":{"line":32,"column":25}},"loc":{"start":{"line":32,"column":42},"end":{"line":39,"column":1}},"line":32}},"branchMap":{},"s":{"0":1,"1":1,"2":1,"3":1,"4":1,"5":1,"6":0,"7":0,"8":0,"9":0,"10":0,"11":0,"12":0,"13":0,"14":0,"15":0,"16":1},"f":{"0":0,"1":0,"2":0},"b":{},"_coverageSchema":"1a1c01bbd47fc00a2c39e90264f33305004495a9","hash":"bd78c3d2bca91503fa829d05282581e6853dbf9a"}
,"C:\\Users\\hcosm\\Documents\\Revature\\Triviatastic\\triviatastic\\server\\src\\dao\\questionDAO.js": {"path":"C:\\Users\\hcosm\\Documents\\Revature\\Triviatastic\\triviatastic\\server\\src\\dao\\questionDAO.js","statementMap":{"0":{"start":{"line":2,"column":27},"end":{"line":2,"column":62}},"1":{"start":{"line":9,"column":26},"end":{"line":9,"column":58}},"2":{"start":{"line":11,"column":19},"end":{"line":11,"column":45}},"3":{"start":{"line":14,"column":15},"end":{"line":14,"column":56}},"4":{"start":{"line":15,"column":23},"end":{"line":15,"column":58}},"5":{"start":{"line":17,"column":19},"end":{"line":17,"column":33}},"6":{"start":{"line":18,"column":23},"end":{"line":18,"column":41}},"7":{"start":{"line":24,"column":19},"end":{"line":27,"column":5}},"8":{"start":{"line":28,"column":20},"end":{"line":28,"column":42}},"9":{"start":{"line":30,"column":4},"end":{"line":37,"column":5}},"10":{"start":{"line":31,"column":21},"end":{"line":31,"column":55}},"11":{"start":{"line":32,"column":8},"end":{"line":32,"column":20}},"12":{"start":{"line":35,"column":8},"end":{"line":35,"column":71}},"13":{"start":{"line":36,"column":8},"end":{"line":36,"column":20}},"14":{"start":{"line":44,"column":19},"end":{"line":58,"column":5}},"15":{"start":{"line":59,"column":20},"end":{"line":59,"column":45}},"16":{"start":{"line":61,"column":4},"end":{"line":76,"column":5}},"17":{"start":{"line":62,"column":21},"end":{"line":62,"column":55}},"18":{"start":{"line":63,"column":8},"end":{"line":70,"column":9}},"19":{"start":{"line":64,"column":12},"end":{"line":64,"column":94}},"20":{"start":{"line":65,"column":12},"end":{"line":65,"column":24}},"21":{"start":{"line":68,"column":12},"end":{"line":68,"column":91}},"22":{"start":{"line":69,"column":12},"end":{"line":69,"column":24}},"23":{"start":{"line":74,"column":8},"end":{"line":74,"column":77}},"24":{"start":{"line":75,"column":8},"end":{"line":75,"column":20}},"25":{"start":{"line":83,"column":19},"end":{"line":93,"column":5}},"26":{"start":{"line":94,"column":20},"end":{"line":94,"column":44}},"27":{"start":{"line":96,"column":4},"end":{"line":113,"column":5}},"28":{"start":{"line":97,"column":21},"end":{"line":97,"column":55}},"29":{"start":{"line":100,"column":8},"end":{"line":107,"column":9}},"30":{"start":{"line":101,"column":12},"end":{"line":101,"column":100}},"31":{"start":{"line":102,"column":12},"end":{"line":102,"column":33}},"32":{"start":{"line":105,"column":12},"end":{"line":105,"column":86}},"33":{"start":{"line":106,"column":12},"end":{"line":106,"column":24}},"34":{"start":{"line":111,"column":8},"end":{"line":111,"column":72}},"35":{"start":{"line":112,"column":8},"end":{"line":112,"column":20}},"36":{"start":{"line":120,"column":19},"end":{"line":126,"column":5}},"37":{"start":{"line":127,"column":20},"end":{"line":127,"column":45}},"38":{"start":{"line":129,"column":4},"end":{"line":145,"column":5}},"39":{"start":{"line":130,"column":21},"end":{"line":130,"column":55}},"40":{"start":{"line":132,"column":8},"end":{"line":139,"column":9}},"41":{"start":{"line":133,"column":12},"end":{"line":133,"column":85}},"42":{"start":{"line":134,"column":12},"end":{"line":134,"column":72}},"43":{"start":{"line":137,"column":12},"end":{"line":137,"column":85}},"44":{"start":{"line":138,"column":12},"end":{"line":138,"column":24}},"45":{"start":{"line":143,"column":8},"end":{"line":143,"column":71}},"46":{"start":{"line":144,"column":8},"end":{"line":144,"column":20}},"47":{"start":{"line":152,"column":19},"end":{"line":161,"column":5}},"48":{"start":{"line":162,"column":20},"end":{"line":162,"column":43}},"49":{"start":{"line":164,"column":4},"end":{"line":180,"column":5}},"50":{"start":{"line":165,"column":21},"end":{"line":165,"column":55}},"51":{"start":{"line":167,"column":8},"end":{"line":174,"column":9}},"52":{"start":{"line":168,"column":12},"end":{"line":168,"column":91}},"53":{"start":{"line":169,"column":12},"end":{"line":169,"column":24}},"54":{"start":{"line":172,"column":12},"end":{"line":172,"column":73}},"55":{"start":{"line":173,"column":12},"end":{"line":173,"column":24}},"56":{"start":{"line":178,"column":8},"end":{"line":178,"column":78}},"57":{"start":{"line":179,"column":8},"end":{"line":179,"column":20}},"58":{"start":{"line":188,"column":27},"end":{"line":188,"column":64}},"59":{"start":{"line":189,"column":35},"end":{"line":192,"column":5}},"60":{"start":{"line":193,"column":36},"end":{"line":197,"column":5}},"61":{"start":{"line":199,"column":4},"end":{"line":203,"column":5}},"62":{"start":{"line":200,"column":8},"end":{"line":200,"column":61}},"63":{"start":{"line":201,"column":8},"end":{"line":201,"column":63}},"64":{"start":{"line":202,"column":8},"end":{"line":202,"column":62}},"65":{"start":{"line":205,"column":19},"end":{"line":211,"column":5}},"66":{"start":{"line":212,"column":20},"end":{"line":212,"column":44}},"67":{"start":{"line":215,"column":4},"end":{"line":231,"column":5}},"68":{"start":{"line":216,"column":21},"end":{"line":216,"column":55}},"69":{"start":{"line":218,"column":8},"end":{"line":225,"column":9}},"70":{"start":{"line":219,"column":12},"end":{"line":219,"column":104}},"71":{"start":{"line":220,"column":12},"end":{"line":220,"column":30}},"72":{"start":{"line":223,"column":12},"end":{"line":223,"column":79}},"73":{"start":{"line":224,"column":12},"end":{"line":224,"column":24}},"74":{"start":{"line":229,"column":8},"end":{"line":229,"column":78}},"75":{"start":{"line":230,"column":8},"end":{"line":230,"column":20}},"76":{"start":{"line":235,"column":27},"end":{"line":235,"column":46}},"77":{"start":{"line":236,"column":35},"end":{"line":238,"column":5}},"78":{"start":{"line":239,"column":36},"end":{"line":242,"column":5}},"79":{"start":{"line":244,"column":4},"end":{"line":248,"column":5}},"80":{"start":{"line":245,"column":8},"end":{"line":245,"column":61}},"81":{"start":{"line":246,"column":8},"end":{"line":246,"column":63}},"82":{"start":{"line":247,"column":8},"end":{"line":247,"column":62}},"83":{"start":{"line":250,"column":19},"end":{"line":256,"column":5}},"84":{"start":{"line":257,"column":20},"end":{"line":257,"column":44}},"85":{"start":{"line":260,"column":4},"end":{"line":276,"column":5}},"86":{"start":{"line":261,"column":21},"end":{"line":261,"column":55}},"87":{"start":{"line":263,"column":8},"end":{"line":270,"column":9}},"88":{"start":{"line":264,"column":12},"end":{"line":264,"column":104}},"89":{"start":{"line":265,"column":12},"end":{"line":265,"column":30}},"90":{"start":{"line":268,"column":12},"end":{"line":268,"column":79}},"91":{"start":{"line":269,"column":12},"end":{"line":269,"column":24}},"92":{"start":{"line":274,"column":8},"end":{"line":274,"column":78}},"93":{"start":{"line":275,"column":8},"end":{"line":275,"column":20}},"94":{"start":{"line":282,"column":27},"end":{"line":282,"column":95}},"95":{"start":{"line":283,"column":35},"end":{"line":286,"column":5}},"96":{"start":{"line":287,"column":36},"end":{"line":291,"column":5}},"97":{"start":{"line":293,"column":4},"end":{"line":297,"column":5}},"98":{"start":{"line":294,"column":8},"end":{"line":294,"column":61}},"99":{"start":{"line":295,"column":8},"end":{"line":295,"column":63}},"100":{"start":{"line":296,"column":8},"end":{"line":296,"column":62}},"101":{"start":{"line":299,"column":19},"end":{"line":304,"column":5}},"102":{"start":{"line":305,"column":20},"end":{"line":305,"column":43}},"103":{"start":{"line":307,"column":4},"end":{"line":324,"column":5}},"104":{"start":{"line":308,"column":21},"end":{"line":308,"column":55}},"105":{"start":{"line":310,"column":8},"end":{"line":317,"column":9}},"106":{"start":{"line":311,"column":12},"end":{"line":311,"column":92}},"107":{"start":{"line":312,"column":12},"end":{"line":312,"column":30}},"108":{"start":{"line":315,"column":12},"end":{"line":315,"column":57}},"109":{"start":{"line":316,"column":12},"end":{"line":316,"column":24}},"110":{"start":{"line":322,"column":8},"end":{"line":322,"column":72}},"111":{"start":{"line":323,"column":8},"end":{"line":323,"column":20}},"112":{"start":{"line":330,"column":27},"end":{"line":330,"column":77}},"113":{"start":{"line":331,"column":35},"end":{"line":333,"column":5}},"114":{"start":{"line":334,"column":36},"end":{"line":337,"column":5}},"115":{"start":{"line":339,"column":4},"end":{"line":343,"column":5}},"116":{"start":{"line":340,"column":8},"end":{"line":340,"column":61}},"117":{"start":{"line":341,"column":8},"end":{"line":341,"column":63}},"118":{"start":{"line":342,"column":8},"end":{"line":342,"column":62}},"119":{"start":{"line":345,"column":19},"end":{"line":350,"column":5}},"120":{"start":{"line":351,"column":20},"end":{"line":351,"column":43}},"121":{"start":{"line":353,"column":4},"end":{"line":370,"column":5}},"122":{"start":{"line":354,"column":21},"end":{"line":354,"column":55}},"123":{"start":{"line":356,"column":8},"end":{"line":363,"column":9}},"124":{"start":{"line":357,"column":12},"end":{"line":357,"column":92}},"125":{"start":{"line":358,"column":12},"end":{"line":358,"column":30}},"126":{"start":{"line":361,"column":12},"end":{"line":361,"column":57}},"127":{"start":{"line":362,"column":12},"end":{"line":362,"column":24}},"128":{"start":{"line":368,"column":8},"end":{"line":368,"column":72}},"129":{"start":{"line":369,"column":8},"end":{"line":369,"column":20}},"130":{"start":{"line":377,"column":19},"end":{"line":388,"column":5}},"131":{"start":{"line":389,"column":20},"end":{"line":389,"column":43}},"132":{"start":{"line":391,"column":4},"end":{"line":406,"column":5}},"133":{"start":{"line":392,"column":21},"end":{"line":392,"column":55}},"134":{"start":{"line":394,"column":8},"end":{"line":401,"column":9}},"135":{"start":{"line":395,"column":12},"end":{"line":395,"column":64}},"136":{"start":{"line":396,"column":12},"end":{"line":396,"column":29}},"137":{"start":{"line":399,"column":12},"end":{"line":399,"column":61}},"138":{"start":{"line":400,"column":12},"end":{"line":400,"column":23}},"139":{"start":{"line":404,"column":8},"end":{"line":404,"column":73}},"140":{"start":{"line":405,"column":8},"end":{"line":405,"column":19}},"141":{"start":{"line":409,"column":0},"end":{"line":420,"column":1}}},"fnMap":{"0":{"name":"createQuestion","decl":{"start":{"line":23,"column":15},"end":{"line":23,"column":29}},"loc":{"start":{"line":23,"column":40},"end":{"line":38,"column":1}},"line":23},"1":{"name":"updateQuestionStatus","decl":{"start":{"line":43,"column":15},"end":{"line":43,"column":35}},"loc":{"start":{"line":43,"column":53},"end":{"line":77,"column":1}},"line":43},"2":{"name":"getQuestionById","decl":{"start":{"line":82,"column":15},"end":{"line":82,"column":30}},"loc":{"start":{"line":82,"column":42},"end":{"line":114,"column":1}},"line":82},"3":{"name":"deleteQuestion","decl":{"start":{"line":119,"column":15},"end":{"line":119,"column":29}},"loc":{"start":{"line":119,"column":39},"end":{"line":146,"column":1}},"line":119},"4":{"name":"getAllQuestionsByStatus","decl":{"start":{"line":151,"column":15},"end":{"line":151,"column":38}},"loc":{"start":{"line":151,"column":46},"end":{"line":181,"column":1}},"line":151},"5":{"name":"getAllQuestionsByCategory","decl":{"start":{"line":187,"column":15},"end":{"line":187,"column":40}},"loc":{"start":{"line":187,"column":68},"end":{"line":232,"column":1}},"line":187},"6":{"name":"getAllQuestionsByCategoryNoType","decl":{"start":{"line":234,"column":15},"end":{"line":234,"column":46}},"loc":{"start":{"line":234,"column":68},"end":{"line":277,"column":1}},"line":234},"7":{"name":"getAllQuestions","decl":{"start":{"line":281,"column":15},"end":{"line":281,"column":30}},"loc":{"start":{"line":281,"column":48},"end":{"line":326,"column":1}},"line":281},"8":{"name":"getAllQuestionsNoType","decl":{"start":{"line":329,"column":15},"end":{"line":329,"column":36}},"loc":{"start":{"line":329,"column":48},"end":{"line":372,"column":1}},"line":329},"9":{"name":"getAllUsersQuestions","decl":{"start":{"line":376,"column":15},"end":{"line":376,"column":35}},"loc":{"start":{"line":376,"column":43},"end":{"line":407,"column":1}},"line":376}},"branchMap":{"0":{"loc":{"start":{"line":63,"column":8},"end":{"line":70,"column":9}},"type":"if","locations":[{"start":{"line":63,"column":8},"end":{"line":70,"column":9}},{"start":{"line":67,"column":13},"end":{"line":70,"column":9}}],"line":63},"1":{"loc":{"start":{"line":100,"column":8},"end":{"line":107,"column":9}},"type":"if","locations":[{"start":{"line":100,"column":8},"end":{"line":107,"column":9}},{"start":{"line":104,"column":13},"end":{"line":107,"column":9}}],"line":100},"2":{"loc":{"start":{"line":132,"column":8},"end":{"line":139,"column":9}},"type":"if","locations":[{"start":{"line":132,"column":8},"end":{"line":139,"column":9}},{"start":{"line":136,"column":13},"end":{"line":139,"column":9}}],"line":132},"3":{"loc":{"start":{"line":167,"column":8},"end":{"line":174,"column":9}},"type":"if","locations":[{"start":{"line":167,"column":8},"end":{"line":174,"column":9}},{"start":{"line":171,"column":13},"end":{"line":174,"column":9}}],"line":167},"4":{"loc":{"start":{"line":199,"column":4},"end":{"line":203,"column":5}},"type":"if","locations":[{"start":{"line":199,"column":4},"end":{"line":203,"column":5}},{"start":{},"end":{}}],"line":199},"5":{"loc":{"start":{"line":218,"column":8},"end":{"line":225,"column":9}},"type":"if","locations":[{"start":{"line":218,"column":8},"end":{"line":225,"column":9}},{"start":{"line":222,"column":13},"end":{"line":225,"column":9}}],"line":218},"6":{"loc":{"start":{"line":244,"column":4},"end":{"line":248,"column":5}},"type":"if","locations":[{"start":{"line":244,"column":4},"end":{"line":248,"column":5}},{"start":{},"end":{}}],"line":244},"7":{"loc":{"start":{"line":263,"column":8},"end":{"line":270,"column":9}},"type":"if","locations":[{"start":{"line":263,"column":8},"end":{"line":270,"column":9}},{"start":{"line":267,"column":13},"end":{"line":270,"column":9}}],"line":263},"8":{"loc":{"start":{"line":293,"column":4},"end":{"line":297,"column":5}},"type":"if","locations":[{"start":{"line":293,"column":4},"end":{"line":297,"column":5}},{"start":{},"end":{}}],"line":293},"9":{"loc":{"start":{"line":310,"column":8},"end":{"line":317,"column":9}},"type":"if","locations":[{"start":{"line":310,"column":8},"end":{"line":317,"column":9}},{"start":{"line":314,"column":13},"end":{"line":317,"column":9}}],"line":310},"10":{"loc":{"start":{"line":339,"column":4},"end":{"line":343,"column":5}},"type":"if","locations":[{"start":{"line":339,"column":4},"end":{"line":343,"column":5}},{"start":{},"end":{}}],"line":339},"11":{"loc":{"start":{"line":356,"column":8},"end":{"line":363,"column":9}},"type":"if","locations":[{"start":{"line":356,"column":8},"end":{"line":363,"column":9}},{"start":{"line":360,"column":13},"end":{"line":363,"column":9}}],"line":356},"12":{"loc":{"start":{"line":394,"column":8},"end":{"line":401,"column":9}},"type":"if","locations":[{"start":{"line":394,"column":8},"end":{"line":401,"column":9}},{"start":{"line":398,"column":13},"end":{"line":401,"column":9}}],"line":394}},"s":{"0":1,"1":1,"2":1,"3":1,"4":1,"5":1,"6":1,"7":0,"8":0,"9":0,"10":0,"11":0,"12":0,"13":0,"14":0,"15":0,"16":0,"17":0,"18":0,"19":0,"20":0,"21":0,"22":0,"23":0,"24":0,"25":0,"26":0,"27":0,"28":0,"29":0,"30":0,"31":0,"32":0,"33":0,"34":0,"35":0,"36":0,"37":0,"38":0,"39":0,"40":0,"41":0,"42":0,"43":0,"44":0,"45":0,"46":0,"47":0,"48":0,"49":0,"50":0,"51":0,"52":0,"53":0,"54":0,"55":0,"56":0,"57":0,"58":0,"59":0,"60":0,"61":0,"62":0,"63":0,"64":0,"65":0,"66":0,"67":0,"68":0,"69":0,"70":0,"71":0,"72":0,"73":0,"74":0,"75":0,"76":0,"77":0,"78":0,"79":0,"80":0,"81":0,"82":0,"83":0,"84":0,"85":0,"86":0,"87":0,"88":0,"89":0,"90":0,"91":0,"92":0,"93":0,"94":0,"95":0,"96":0,"97":0,"98":0,"99":0,"100":0,"101":0,"102":0,"103":0,"104":0,"105":0,"106":0,"107":0,"108":0,"109":0,"110":0,"111":0,"112":0,"113":0,"114":0,"115":0,"116":0,"117":0,"118":0,"119":0,"120":0,"121":0,"122":0,"123":0,"124":0,"125":0,"126":0,"127":0,"128":0,"129":0,"130":0,"131":0,"132":0,"133":0,"134":0,"135":0,"136":0,"137":0,"138":0,"139":0,"140":0,"141":1},"f":{"0":0,"1":0,"2":0,"3":0,"4":0,"5":0,"6":0,"7":0,"8":0,"9":0},"b":{"0":[0,0],"1":[0,0],"2":[0,0],"3":[0,0],"4":[0,0],"5":[0,0],"6":[0,0],"7":[0,0],"8":[0,0],"9":[0,0],"10":[0,0],"11":[0,0],"12":[0,0]},"_coverageSchema":"1a1c01bbd47fc00a2c39e90264f33305004495a9","hash":"7d59d9f4c57079b30183509b0663bbcdc2256e05"}
,"C:\\Users\\hcosm\\Documents\\Revature\\Triviatastic\\triviatastic\\server\\src\\dao\\userDAO.js": {"path":"C:\\Users\\hcosm\\Documents\\Revature\\Triviatastic\\triviatastic\\server\\src\\dao\\userDAO.js","statementMap":{"0":{"start":{"line":1,"column":19},"end":{"line":1,"column":45}},"1":{"start":{"line":3,"column":27},"end":{"line":3,"column":62}},"2":{"start":{"line":4,"column":116},"end":{"line":4,"column":148}},"3":{"start":{"line":7,"column":15},"end":{"line":7,"column":58}},"4":{"start":{"line":8,"column":23},"end":{"line":8,"column":58}},"5":{"start":{"line":11,"column":19},"end":{"line":11,"column":33}},"6":{"start":{"line":12,"column":23},"end":{"line":12,"column":39}},"7":{"start":{"line":16,"column":15},"end":{"line":20,"column":3}},"8":{"start":{"line":22,"column":18},"end":{"line":25,"column":4}},"9":{"start":{"line":27,"column":2},"end":{"line":34,"column":3}},"10":{"start":{"line":28,"column":4},"end":{"line":28,"column":39}},"11":{"start":{"line":29,"column":4},"end":{"line":29,"column":53}},"12":{"start":{"line":30,"column":4},"end":{"line":30,"column":16}},"13":{"start":{"line":32,"column":4},"end":{"line":32,"column":74}},"14":{"start":{"line":33,"column":4},"end":{"line":33,"column":14}},"15":{"start":{"line":39,"column":20},"end":{"line":45,"column":6}},"16":{"start":{"line":47,"column":4},"end":{"line":54,"column":5}},"17":{"start":{"line":48,"column":21},"end":{"line":48,"column":55}},"18":{"start":{"line":49,"column":8},"end":{"line":49,"column":25}},"19":{"start":{"line":52,"column":8},"end":{"line":52,"column":72}},"20":{"start":{"line":53,"column":8},"end":{"line":53,"column":20}},"21":{"start":{"line":59,"column":20},"end":{"line":65,"column":6}},"22":{"start":{"line":67,"column":4},"end":{"line":74,"column":5}},"23":{"start":{"line":68,"column":8},"end":{"line":68,"column":43}},"24":{"start":{"line":69,"column":8},"end":{"line":69,"column":20}},"25":{"start":{"line":72,"column":8},"end":{"line":72,"column":29}},"26":{"start":{"line":73,"column":8},"end":{"line":73,"column":21}},"27":{"start":{"line":79,"column":18},"end":{"line":82,"column":4}},"28":{"start":{"line":84,"column":2},"end":{"line":91,"column":3}},"29":{"start":{"line":85,"column":4},"end":{"line":85,"column":39}},"30":{"start":{"line":86,"column":4},"end":{"line":86,"column":58}},"31":{"start":{"line":87,"column":4},"end":{"line":87,"column":20}},"32":{"start":{"line":90,"column":4},"end":{"line":90,"column":25}},"33":{"start":{"line":96,"column":18},"end":{"line":105,"column":4}},"34":{"start":{"line":108,"column":20},"end":{"line":108,"column":54}},"35":{"start":{"line":109,"column":2},"end":{"line":109,"column":20}},"36":{"start":{"line":114,"column":18},"end":{"line":119,"column":4}},"37":{"start":{"line":121,"column":2},"end":{"line":127,"column":3}},"38":{"start":{"line":122,"column":19},"end":{"line":122,"column":53}},"39":{"start":{"line":123,"column":6},"end":{"line":123,"column":24}},"40":{"start":{"line":125,"column":6},"end":{"line":125,"column":43}},"41":{"start":{"line":126,"column":6},"end":{"line":126,"column":18}},"42":{"start":{"line":132,"column":20},"end":{"line":138,"column":6}},"43":{"start":{"line":140,"column":4},"end":{"line":146,"column":5}},"44":{"start":{"line":141,"column":21},"end":{"line":141,"column":55}},"45":{"start":{"line":142,"column":8},"end":{"line":142,"column":40}},"46":{"start":{"line":144,"column":8},"end":{"line":144,"column":84}},"47":{"start":{"line":145,"column":8},"end":{"line":145,"column":20}},"48":{"start":{"line":151,"column":20},"end":{"line":154,"column":6}},"49":{"start":{"line":156,"column":4},"end":{"line":164,"column":5}},"50":{"start":{"line":157,"column":21},"end":{"line":157,"column":55}},"51":{"start":{"line":158,"column":8},"end":{"line":158,"column":102}},"52":{"start":{"line":159,"column":8},"end":{"line":159,"column":25}},"53":{"start":{"line":162,"column":8},"end":{"line":162,"column":34}},"54":{"start":{"line":163,"column":8},"end":{"line":163,"column":20}},"55":{"start":{"line":170,"column":20},"end":{"line":180,"column":6}},"56":{"start":{"line":182,"column":4},"end":{"line":189,"column":5}},"57":{"start":{"line":183,"column":21},"end":{"line":183,"column":55}},"58":{"start":{"line":184,"column":8},"end":{"line":184,"column":102}},"59":{"start":{"line":185,"column":8},"end":{"line":185,"column":31}},"60":{"start":{"line":187,"column":8},"end":{"line":187,"column":26}},"61":{"start":{"line":188,"column":8},"end":{"line":188,"column":20}},"62":{"start":{"line":194,"column":20},"end":{"line":203,"column":6}},"63":{"start":{"line":205,"column":4},"end":{"line":213,"column":5}},"64":{"start":{"line":206,"column":21},"end":{"line":206,"column":55}},"65":{"start":{"line":207,"column":8},"end":{"line":207,"column":116}},"66":{"start":{"line":208,"column":8},"end":{"line":208,"column":31}},"67":{"start":{"line":211,"column":8},"end":{"line":211,"column":34}},"68":{"start":{"line":212,"column":8},"end":{"line":212,"column":20}},"69":{"start":{"line":219,"column":18},"end":{"line":233,"column":4}},"70":{"start":{"line":235,"column":2},"end":{"line":242,"column":3}},"71":{"start":{"line":236,"column":17},"end":{"line":236,"column":51}},"72":{"start":{"line":237,"column":4},"end":{"line":237,"column":27}},"73":{"start":{"line":240,"column":6},"end":{"line":240,"column":32}},"74":{"start":{"line":241,"column":6},"end":{"line":241,"column":18}},"75":{"start":{"line":247,"column":18},"end":{"line":253,"column":4}},"76":{"start":{"line":255,"column":2},"end":{"line":261,"column":3}},"77":{"start":{"line":256,"column":6},"end":{"line":256,"column":41}},"78":{"start":{"line":257,"column":6},"end":{"line":257,"column":18}},"79":{"start":{"line":259,"column":6},"end":{"line":259,"column":32}},"80":{"start":{"line":260,"column":6},"end":{"line":260,"column":18}},"81":{"start":{"line":265,"column":0},"end":{"line":268,"column":2}}},"fnMap":{"0":{"name":"createUser","decl":{"start":{"line":15,"column":15},"end":{"line":15,"column":25}},"loc":{"start":{"line":15,"column":32},"end":{"line":35,"column":1}},"line":15},"1":{"name":"findUserById","decl":{"start":{"line":38,"column":15},"end":{"line":38,"column":27}},"loc":{"start":{"line":38,"column":36},"end":{"line":55,"column":1}},"line":38},"2":{"name":"deleteUserById","decl":{"start":{"line":58,"column":15},"end":{"line":58,"column":29}},"loc":{"start":{"line":58,"column":38},"end":{"line":75,"column":1}},"line":58},"3":{"name":"updateUser","decl":{"start":{"line":78,"column":15},"end":{"line":78,"column":25}},"loc":{"start":{"line":78,"column":36},"end":{"line":92,"column":1}},"line":78},"4":{"name":"getUserByUsername","decl":{"start":{"line":95,"column":15},"end":{"line":95,"column":32}},"loc":{"start":{"line":95,"column":43},"end":{"line":110,"column":1}},"line":95},"5":{"name":"getAllUsers","decl":{"start":{"line":113,"column":15},"end":{"line":113,"column":26}},"loc":{"start":{"line":113,"column":29},"end":{"line":128,"column":1}},"line":113},"6":{"name":"getUsersFriendsByUserId","decl":{"start":{"line":131,"column":15},"end":{"line":131,"column":38}},"loc":{"start":{"line":131,"column":47},"end":{"line":147,"column":1}},"line":131},"7":{"name":"sendFriendRequest","decl":{"start":{"line":150,"column":15},"end":{"line":150,"column":32}},"loc":{"start":{"line":150,"column":42},"end":{"line":166,"column":1}},"line":150},"8":{"name":"updateFriendsList","decl":{"start":{"line":169,"column":15},"end":{"line":169,"column":32}},"loc":{"start":{"line":169,"column":54},"end":{"line":190,"column":1}},"line":169},"9":{"name":"getFriendRequestsByStatus","decl":{"start":{"line":193,"column":15},"end":{"line":193,"column":40}},"loc":{"start":{"line":193,"column":57},"end":{"line":215,"column":1}},"line":193},"10":{"name":"respondToFriendRequest","decl":{"start":{"line":218,"column":15},"end":{"line":218,"column":37}},"loc":{"start":{"line":218,"column":71},"end":{"line":243,"column":1}},"line":218},"11":{"name":"deleteFriendRequest","decl":{"start":{"line":246,"column":15},"end":{"line":246,"column":34}},"loc":{"start":{"line":246,"column":60},"end":{"line":263,"column":1}},"line":246}},"branchMap":{"0":{"loc":{"start":{"line":142,"column":15},"end":{"line":142,"column":39}},"type":"binary-expr","locations":[{"start":{"line":142,"column":15},"end":{"line":142,"column":33}},{"start":{"line":142,"column":37},"end":{"line":142,"column":39}}],"line":142},"1":{"loc":{"start":{"line":178,"column":25},"end":{"line":178,"column":42}},"type":"binary-expr","locations":[{"start":{"line":178,"column":25},"end":{"line":178,"column":36}},{"start":{"line":178,"column":40},"end":{"line":178,"column":42}}],"line":178},"2":{"loc":{"start":{"line":208,"column":15},"end":{"line":208,"column":31}},"type":"binary-expr","locations":[{"start":{"line":208,"column":15},"end":{"line":208,"column":25}},{"start":{"line":208,"column":29},"end":{"line":208,"column":31}}],"line":208}},"s":{"0":1,"1":1,"2":1,"3":1,"4":1,"5":1,"6":1,"7":0,"8":0,"9":0,"10":0,"11":0,"12":0,"13":0,"14":0,"15":0,"16":0,"17":0,"18":0,"19":0,"20":0,"21":0,"22":0,"23":0,"24":0,"25":0,"26":0,"27":0,"28":0,"29":0,"30":0,"31":0,"32":0,"33":0,"34":0,"35":0,"36":0,"37":0,"38":0,"39":0,"40":0,"41":0,"42":0,"43":0,"44":0,"45":0,"46":0,"47":0,"48":0,"49":0,"50":0,"51":0,"52":0,"53":0,"54":0,"55":0,"56":0,"57":0,"58":0,"59":0,"60":0,"61":0,"62":0,"63":0,"64":0,"65":0,"66":0,"67":0,"68":0,"69":0,"70":0,"71":0,"72":0,"73":0,"74":0,"75":0,"76":0,"77":0,"78":0,"79":0,"80":0,"81":1},"f":{"0":0,"1":0,"2":0,"3":0,"4":0,"5":0,"6":0,"7":0,"8":0,"9":0,"10":0,"11":0},"b":{"0":[0,0],"1":[0,0],"2":[0,0]},"_coverageSchema":"1a1c01bbd47fc00a2c39e90264f33305004495a9","hash":"efeae52f81c8cbf173adb16e804de07170e956ad"}
,"C:\\Users\\hcosm\\Documents\\Revature\\Triviatastic\\triviatastic\\server\\src\\services\\gameService.js": {"path":"C:\\Users\\hcosm\\Documents\\Revature\\Triviatastic\\triviatastic\\server\\src\\services\\gameService.js","statementMap":{"0":{"start":{"line":1,"column":19},"end":{"line":1,"column":45}},"1":{"start":{"line":2,"column":16},"end":{"line":2,"column":41}},"2":{"start":{"line":3,"column":36},"end":{"line":3,"column":61}},"3":{"start":{"line":6,"column":25},"end":{"line":6,"column":56}},"4":{"start":{"line":7,"column":21},"end":{"line":7,"column":47}},"5":{"start":{"line":11,"column":17},"end":{"line":11,"column":36}},"6":{"start":{"line":12,"column":19},"end":{"line":25,"column":3}},"7":{"start":{"line":27,"column":2},"end":{"line":27,"column":37}},"8":{"start":{"line":28,"column":2},"end":{"line":28,"column":18}},"9":{"start":{"line":33,"column":15},"end":{"line":33,"column":52}},"10":{"start":{"line":34,"column":2},"end":{"line":34,"column":62}},"11":{"start":{"line":34,"column":30},"end":{"line":34,"column":62}},"12":{"start":{"line":36,"column":2},"end":{"line":36,"column":71}},"13":{"start":{"line":36,"column":15},"end":{"line":36,"column":71}},"14":{"start":{"line":37,"column":2},"end":{"line":37,"column":28}},"15":{"start":{"line":39,"column":2},"end":{"line":39,"column":33}},"16":{"start":{"line":40,"column":2},"end":{"line":40,"column":14}},"17":{"start":{"line":45,"column":15},"end":{"line":45,"column":40}},"18":{"start":{"line":46,"column":15},"end":{"line":46,"column":52}},"19":{"start":{"line":47,"column":2},"end":{"line":47,"column":47}},"20":{"start":{"line":47,"column":13},"end":{"line":47,"column":47}},"21":{"start":{"line":49,"column":20},"end":{"line":49,"column":21}},"22":{"start":{"line":49,"column":36},"end":{"line":49,"column":37}},"23":{"start":{"line":49,"column":53},"end":{"line":49,"column":54}},"24":{"start":{"line":49,"column":68},"end":{"line":49,"column":69}},"25":{"start":{"line":51,"column":2},"end":{"line":60,"column":5}},"26":{"start":{"line":52,"column":4},"end":{"line":59,"column":5}},"27":{"start":{"line":53,"column":21},"end":{"line":53,"column":65}},"28":{"start":{"line":54,"column":6},"end":{"line":54,"column":26}},"29":{"start":{"line":56,"column":6},"end":{"line":56,"column":58}},"30":{"start":{"line":56,"column":44},"end":{"line":56,"column":58}},"31":{"start":{"line":57,"column":6},"end":{"line":57,"column":59}},"32":{"start":{"line":57,"column":46},"end":{"line":57,"column":59}},"33":{"start":{"line":58,"column":6},"end":{"line":58,"column":58}},"34":{"start":{"line":58,"column":44},"end":{"line":58,"column":58}},"35":{"start":{"line":62,"column":2},"end":{"line":62,"column":23}},"36":{"start":{"line":63,"column":2},"end":{"line":63,"column":33}},"37":{"start":{"line":64,"column":2},"end":{"line":64,"column":31}},"38":{"start":{"line":65,"column":2},"end":{"line":65,"column":33}},"39":{"start":{"line":67,"column":2},"end":{"line":67,"column":59}},"40":{"start":{"line":67,"column":33},"end":{"line":67,"column":59}},"41":{"start":{"line":69,"column":19},"end":{"line":69,"column":41}},"42":{"start":{"line":70,"column":2},"end":{"line":70,"column":74}},"43":{"start":{"line":70,"column":39},"end":{"line":70,"column":74}},"44":{"start":{"line":71,"column":2},"end":{"line":71,"column":38}},"45":{"start":{"line":73,"column":2},"end":{"line":75,"column":3}},"46":{"start":{"line":74,"column":4},"end":{"line":74,"column":47}},"47":{"start":{"line":77,"column":2},"end":{"line":77,"column":25}},"48":{"start":{"line":78,"column":2},"end":{"line":78,"column":43}},"49":{"start":{"line":80,"column":2},"end":{"line":80,"column":89}},"50":{"start":{"line":81,"column":2},"end":{"line":81,"column":29}},"51":{"start":{"line":87,"column":18},"end":{"line":87,"column":55}},"52":{"start":{"line":89,"column":2},"end":{"line":89,"column":50}},"53":{"start":{"line":89,"column":16},"end":{"line":89,"column":50}},"54":{"start":{"line":92,"column":2},"end":{"line":92,"column":43}},"55":{"start":{"line":94,"column":2},"end":{"line":94,"column":92}},"56":{"start":{"line":97,"column":0},"end":{"line":97,"column":66}}},"fnMap":{"0":{"name":"startGame","decl":{"start":{"line":10,"column":15},"end":{"line":10,"column":24}},"loc":{"start":{"line":10,"column":72},"end":{"line":29,"column":1}},"line":10},"1":{"name":"submitAnswer","decl":{"start":{"line":32,"column":15},"end":{"line":32,"column":27}},"loc":{"start":{"line":32,"column":82},"end":{"line":41,"column":1}},"line":32},"2":{"name":"finishGame","decl":{"start":{"line":44,"column":15},"end":{"line":44,"column":25}},"loc":{"start":{"line":44,"column":66},"end":{"line":82,"column":1}},"line":44},"3":{"name":"(anonymous_3)","decl":{"start":{"line":51,"column":28},"end":{"line":51,"column":29}},"loc":{"start":{"line":51,"column":33},"end":{"line":60,"column":3}},"line":51},"4":{"name":"endGame","decl":{"start":{"line":85,"column":15},"end":{"line":85,"column":22}},"loc":{"start":{"line":85,"column":39},"end":{"line":95,"column":1}},"line":85}},"branchMap":{"0":{"loc":{"start":{"line":10,"column":33},"end":{"line":10,"column":70}},"type":"default-arg","locations":[{"start":{"line":10,"column":68},"end":{"line":10,"column":70}}],"line":10},"1":{"loc":{"start":{"line":17,"column":14},"end":{"line":17,"column":31}},"type":"binary-expr","locations":[{"start":{"line":17,"column":14},"end":{"line":17,"column":22}},{"start":{"line":17,"column":26},"end":{"line":17,"column":31}}],"line":17},"2":{"loc":{"start":{"line":22,"column":24},"end":{"line":24,"column":36}},"type":"cond-expr","locations":[{"start":{"line":23,"column":8},"end":{"line":23,"column":69}},{"start":{"line":24,"column":8},"end":{"line":24,"column":36}}],"line":22},"3":{"loc":{"start":{"line":24,"column":8},"end":{"line":24,"column":36}},"type":"binary-expr","locations":[{"start":{"line":24,"column":8},"end":{"line":24,"column":26}},{"start":{"line":24,"column":30},"end":{"line":24,"column":36}}],"line":24},"4":{"loc":{"start":{"line":32,"column":44},"end":{"line":32,"column":80}},"type":"default-arg","locations":[{"start":{"line":32,"column":78},"end":{"line":32,"column":80}}],"line":32},"5":{"loc":{"start":{"line":34,"column":2},"end":{"line":34,"column":62}},"type":"if","locations":[{"start":{"line":34,"column":2},"end":{"line":34,"column":62}},{"start":{},"end":{}}],"line":34},"6":{"loc":{"start":{"line":34,"column":6},"end":{"line":34,"column":28}},"type":"binary-expr","locations":[{"start":{"line":34,"column":6},"end":{"line":34,"column":11}},{"start":{"line":34,"column":15},"end":{"line":34,"column":28}}],"line":34},"7":{"loc":{"start":{"line":36,"column":2},"end":{"line":36,"column":71}},"type":"if","locations":[{"start":{"line":36,"column":2},"end":{"line":36,"column":71}},{"start":{},"end":{}}],"line":36},"8":{"loc":{"start":{"line":36,"column":29},"end":{"line":36,"column":70}},"type":"binary-expr","locations":[{"start":{"line":36,"column":29},"end":{"line":36,"column":65}},{"start":{"line":36,"column":69},"end":{"line":36,"column":70}}],"line":36},"9":{"loc":{"start":{"line":44,"column":42},"end":{"line":44,"column":64}},"type":"default-arg","locations":[{"start":{"line":44,"column":62},"end":{"line":44,"column":64}}],"line":44},"10":{"loc":{"start":{"line":47,"column":2},"end":{"line":47,"column":47}},"type":"if","locations":[{"start":{"line":47,"column":2},"end":{"line":47,"column":47}},{"start":{},"end":{}}],"line":47},"11":{"loc":{"start":{"line":52,"column":4},"end":{"line":59,"column":5}},"type":"if","locations":[{"start":{"line":52,"column":4},"end":{"line":59,"column":5}},{"start":{},"end":{}}],"line":52},"12":{"loc":{"start":{"line":53,"column":21},"end":{"line":53,"column":65}},"type":"binary-expr","locations":[{"start":{"line":53,"column":21},"end":{"line":53,"column":60}},{"start":{"line":53,"column":64},"end":{"line":53,"column":65}}],"line":53},"13":{"loc":{"start":{"line":56,"column":6},"end":{"line":56,"column":58}},"type":"if","locations":[{"start":{"line":56,"column":6},"end":{"line":56,"column":58}},{"start":{},"end":{}}],"line":56},"14":{"loc":{"start":{"line":57,"column":6},"end":{"line":57,"column":59}},"type":"if","locations":[{"start":{"line":57,"column":6},"end":{"line":57,"column":59}},{"start":{},"end":{}}],"line":57},"15":{"loc":{"start":{"line":58,"column":6},"end":{"line":58,"column":58}},"type":"if","locations":[{"start":{"line":58,"column":6},"end":{"line":58,"column":58}},{"start":{},"end":{}}],"line":58},"16":{"loc":{"start":{"line":67,"column":2},"end":{"line":67,"column":59}},"type":"if","locations":[{"start":{"line":67,"column":2},"end":{"line":67,"column":59}},{"start":{},"end":{}}],"line":67},"17":{"loc":{"start":{"line":69,"column":19},"end":{"line":69,"column":41}},"type":"binary-expr","locations":[{"start":{"line":69,"column":19},"end":{"line":69,"column":32}},{"start":{"line":69,"column":36},"end":{"line":69,"column":41}}],"line":69},"18":{"loc":{"start":{"line":70,"column":2},"end":{"line":70,"column":74}},"type":"if","locations":[{"start":{"line":70,"column":2},"end":{"line":70,"column":74}},{"start":{},"end":{}}],"line":70},"19":{"loc":{"start":{"line":73,"column":2},"end":{"line":75,"column":3}},"type":"if","locations":[{"start":{"line":73,"column":2},"end":{"line":75,"column":3}},{"start":{},"end":{}}],"line":73},"20":{"loc":{"start":{"line":73,"column":6},"end":{"line":73,"column":83}},"type":"binary-expr","locations":[{"start":{"line":73,"column":6},"end":{"line":73,"column":37}},{"start":{"line":73,"column":41},"end":{"line":73,"column":83}}],"line":73},"21":{"loc":{"start":{"line":89,"column":2},"end":{"line":89,"column":50}},"type":"if","locations":[{"start":{"line":89,"column":2},"end":{"line":89,"column":50}},{"start":{},"end":{}}],"line":89}},"s":{"0":1,"1":1,"2":1,"3":1,"4":1,"5":0,"6":0,"7":0,"8":0,"9":0,"10":0,"11":0,"12":0,"13":0,"14":0,"15":0,"16":0,"17":0,"18":0,"19":0,"20":0,"21":0,"22":0,"23":0,"24":0,"25":0,"26":0,"27":0,"28":0,"29":0,"30":0,"31":0,"32":0,"33":0,"34":0,"35":0,"36":0,"37":0,"38":0,"39":0,"40":0,"41":0,"42":0,"43":0,"44":0,"45":0,"46":0,"47":0,"48":0,"49":0,"50":0,"51":0,"52":0,"53":0,"54":0,"55":0,"56":1},"f":{"0":0,"1":0,"2":0,"3":0,"4":0},"b":{"0":[0],"1":[0,0],"2":[0,0],"3":[0,0],"4":[0],"5":[0,0],"6":[0,0],"7":[0,0],"8":[0,0],"9":[0],"10":[0,0],"11":[0,0],"12":[0,0],"13":[0,0],"14":[0,0],"15":[0,0],"16":[0,0],"17":[0,0],"18":[0,0],"19":[0,0],"20":[0,0],"21":[0,0]},"_coverageSchema":"1a1c01bbd47fc00a2c39e90264f33305004495a9","hash":"d4a772044309810d85640afc2937c9a71026de39"}
,"C:\\Users\\hcosm\\Documents\\Revature\\Triviatastic\\triviatastic\\server\\src\\services\\questionService.js": {"path":"C:\\Users\\hcosm\\Documents\\Revature\\Triviatastic\\triviatastic\\server\\src\\services\\questionService.js","statementMap":{"0":{"start":{"line":3,"column":19},"end":{"line":3,"column":45}},"1":{"start":{"line":4,"column":20},"end":{"line":4,"column":49}},"2":{"start":{"line":5,"column":16},"end":{"line":5,"column":41}},"3":{"start":{"line":11,"column":4},"end":{"line":56,"column":5}},"4":{"start":{"line":12,"column":8},"end":{"line":51,"column":9}},"5":{"start":{"line":13,"column":12},"end":{"line":13,"column":98}},"6":{"start":{"line":14,"column":12},"end":{"line":14,"column":77}},"7":{"start":{"line":25,"column":16},"end":{"line":25,"column":28}},"8":{"start":{"line":27,"column":12},"end":{"line":29,"column":13}},"9":{"start":{"line":28,"column":16},"end":{"line":28,"column":126}},"10":{"start":{"line":31,"column":31},"end":{"line":31,"column":50}},"11":{"start":{"line":33,"column":32},"end":{"line":46,"column":13}},"12":{"start":{"line":48,"column":25},"end":{"line":48,"column":70}},"13":{"start":{"line":49,"column":12},"end":{"line":49,"column":73}},"14":{"start":{"line":50,"column":12},"end":{"line":50,"column":24}},"15":{"start":{"line":54,"column":8},"end":{"line":54,"column":75}},"16":{"start":{"line":55,"column":8},"end":{"line":55,"column":20}},"17":{"start":{"line":65,"column":4},"end":{"line":97,"column":5}},"18":{"start":{"line":66,"column":25},"end":{"line":66,"column":70}},"19":{"start":{"line":68,"column":8},"end":{"line":71,"column":9}},"20":{"start":{"line":69,"column":12},"end":{"line":69,"column":51}},"21":{"start":{"line":70,"column":12},"end":{"line":70,"column":24}},"22":{"start":{"line":73,"column":8},"end":{"line":91,"column":9}},"23":{"start":{"line":74,"column":12},"end":{"line":81,"column":13}},"24":{"start":{"line":75,"column":29},"end":{"line":75,"column":99}},"25":{"start":{"line":76,"column":16},"end":{"line":76,"column":28}},"26":{"start":{"line":79,"column":16},"end":{"line":79,"column":56}},"27":{"start":{"line":80,"column":16},"end":{"line":80,"column":28}},"28":{"start":{"line":84,"column":13},"end":{"line":91,"column":9}},"29":{"start":{"line":85,"column":25},"end":{"line":85,"column":67}},"30":{"start":{"line":86,"column":12},"end":{"line":86,"column":24}},"31":{"start":{"line":89,"column":12},"end":{"line":89,"column":54}},"32":{"start":{"line":90,"column":12},"end":{"line":90,"column":24}},"33":{"start":{"line":95,"column":8},"end":{"line":95,"column":81}},"34":{"start":{"line":96,"column":8},"end":{"line":96,"column":20}},"35":{"start":{"line":105,"column":26},"end":{"line":105,"column":28}},"36":{"start":{"line":107,"column":24},"end":{"line":107,"column":76}},"37":{"start":{"line":110,"column":4},"end":{"line":125,"column":5}},"38":{"start":{"line":111,"column":8},"end":{"line":116,"column":9}},"39":{"start":{"line":112,"column":12},"end":{"line":112,"column":82}},"40":{"start":{"line":115,"column":12},"end":{"line":115,"column":82}},"41":{"start":{"line":119,"column":8},"end":{"line":124,"column":9}},"42":{"start":{"line":120,"column":12},"end":{"line":120,"column":102}},"43":{"start":{"line":123,"column":12},"end":{"line":123,"column":102}},"44":{"start":{"line":127,"column":4},"end":{"line":127,"column":30}},"45":{"start":{"line":128,"column":25},"end":{"line":128,"column":62}},"46":{"start":{"line":129,"column":28},"end":{"line":129,"column":47}},"47":{"start":{"line":131,"column":4},"end":{"line":133,"column":5}},"48":{"start":{"line":132,"column":8},"end":{"line":132,"column":20}},"49":{"start":{"line":136,"column":4},"end":{"line":139,"column":5}},"50":{"start":{"line":136,"column":17},"end":{"line":136,"column":36}},"51":{"start":{"line":137,"column":18},"end":{"line":137,"column":53}},"52":{"start":{"line":138,"column":8},"end":{"line":138,"column":80}},"53":{"start":{"line":141,"column":4},"end":{"line":141,"column":36}},"54":{"start":{"line":147,"column":22},"end":{"line":147,"column":74}},"55":{"start":{"line":150,"column":30},"end":{"line":158,"column":5}},"56":{"start":{"line":152,"column":21},"end":{"line":152,"column":57}},"57":{"start":{"line":153,"column":8},"end":{"line":156,"column":10}},"58":{"start":{"line":160,"column":4},"end":{"line":160,"column":29}},"59":{"start":{"line":166,"column":4},"end":{"line":166,"column":65}},"60":{"start":{"line":171,"column":17},"end":{"line":171,"column":63}},"61":{"start":{"line":173,"column":4},"end":{"line":176,"column":20}},"62":{"start":{"line":174,"column":8},"end":{"line":174,"column":20}},"63":{"start":{"line":176,"column":8},"end":{"line":176,"column":20}},"64":{"start":{"line":182,"column":16},"end":{"line":182,"column":54}},"65":{"start":{"line":185,"column":4},"end":{"line":200,"column":5}},"66":{"start":{"line":186,"column":25},"end":{"line":186,"column":41}},"67":{"start":{"line":187,"column":21},"end":{"line":187,"column":42}},"68":{"start":{"line":190,"column":8},"end":{"line":195,"column":9}},"69":{"start":{"line":191,"column":12},"end":{"line":194,"column":13}},"70":{"start":{"line":192,"column":16},"end":{"line":192,"column":44}},"71":{"start":{"line":193,"column":16},"end":{"line":193,"column":22}},"72":{"start":{"line":198,"column":8},"end":{"line":198,"column":48}},"73":{"start":{"line":199,"column":8},"end":{"line":199,"column":18}},"74":{"start":{"line":202,"column":4},"end":{"line":202,"column":22}},"75":{"start":{"line":208,"column":14},"end":{"line":208,"column":55}},"76":{"start":{"line":209,"column":4},"end":{"line":211,"column":5}},"77":{"start":{"line":210,"column":8},"end":{"line":210,"column":62}},"78":{"start":{"line":212,"column":4},"end":{"line":214,"column":5}},"79":{"start":{"line":213,"column":8},"end":{"line":213,"column":42}},"80":{"start":{"line":215,"column":4},"end":{"line":217,"column":5}},"81":{"start":{"line":216,"column":8},"end":{"line":216,"column":30}},"82":{"start":{"line":219,"column":4},"end":{"line":238,"column":5}},"83":{"start":{"line":221,"column":25},"end":{"line":221,"column":41}},"84":{"start":{"line":223,"column":21},"end":{"line":223,"column":42}},"85":{"start":{"line":225,"column":8},"end":{"line":233,"column":9}},"86":{"start":{"line":226,"column":12},"end":{"line":226,"column":67}},"87":{"start":{"line":228,"column":12},"end":{"line":228,"column":31}},"88":{"start":{"line":231,"column":12},"end":{"line":231,"column":64}},"89":{"start":{"line":232,"column":12},"end":{"line":232,"column":24}},"90":{"start":{"line":236,"column":8},"end":{"line":236,"column":49}},"91":{"start":{"line":237,"column":8},"end":{"line":237,"column":18}},"92":{"start":{"line":242,"column":0},"end":{"line":248,"column":1}}},"fnMap":{"0":{"name":"createQuestion","decl":{"start":{"line":10,"column":15},"end":{"line":10,"column":29}},"loc":{"start":{"line":10,"column":51},"end":{"line":57,"column":1}},"line":10},"1":{"name":"updateQuestionStatus","decl":{"start":{"line":64,"column":15},"end":{"line":64,"column":35}},"loc":{"start":{"line":64,"column":55},"end":{"line":99,"column":1}},"line":64},"2":{"name":"getQuestionsByCategory","decl":{"start":{"line":104,"column":15},"end":{"line":104,"column":37}},"loc":{"start":{"line":104,"column":68},"end":{"line":142,"column":1}},"line":104},"3":{"name":"getAllPendingQuestions","decl":{"start":{"line":146,"column":15},"end":{"line":146,"column":37}},"loc":{"start":{"line":146,"column":39},"end":{"line":161,"column":1}},"line":146},"4":{"name":"(anonymous_4)","decl":{"start":{"line":151,"column":28},"end":{"line":151,"column":29}},"loc":{"start":{"line":151,"column":41},"end":{"line":157,"column":9}},"line":151},"5":{"name":"getAllApprovedQuestions","decl":{"start":{"line":165,"column":15},"end":{"line":165,"column":38}},"loc":{"start":{"line":165,"column":40},"end":{"line":167,"column":1}},"line":165},"6":{"name":"getAllUsersQuestions","decl":{"start":{"line":170,"column":15},"end":{"line":170,"column":35}},"loc":{"start":{"line":170,"column":43},"end":{"line":177,"column":1}},"line":170},"7":{"name":"getAPICategoryId","decl":{"start":{"line":180,"column":15},"end":{"line":180,"column":31}},"loc":{"start":{"line":180,"column":41},"end":{"line":203,"column":1}},"line":180},"8":{"name":"getAPIQuestions","decl":{"start":{"line":206,"column":15},"end":{"line":206,"column":30}},"loc":{"start":{"line":206,"column":61},"end":{"line":240,"column":1}},"line":206}},"branchMap":{"0":{"loc":{"start":{"line":12,"column":8},"end":{"line":51,"column":9}},"type":"if","locations":[{"start":{"line":12,"column":8},"end":{"line":51,"column":9}},{"start":{"line":16,"column":13},"end":{"line":51,"column":9}}],"line":12},"1":{"loc":{"start":{"line":27,"column":12},"end":{"line":29,"column":13}},"type":"if","locations":[{"start":{"line":27,"column":12},"end":{"line":29,"column":13}},{"start":{},"end":{}}],"line":27},"2":{"loc":{"start":{"line":27,"column":16},"end":{"line":27,"column":145}},"type":"binary-expr","locations":[{"start":{"line":27,"column":16},"end":{"line":27,"column":28}},{"start":{"line":27,"column":32},"end":{"line":27,"column":50}},{"start":{"line":27,"column":54},"end":{"line":27,"column":70}},{"start":{"line":27,"column":74},"end":{"line":27,"column":90}},{"start":{"line":27,"column":94},"end":{"line":27,"column":116}},{"start":{"line":27,"column":120},"end":{"line":27,"column":145}}],"line":27},"3":{"loc":{"start":{"line":68,"column":8},"end":{"line":71,"column":9}},"type":"if","locations":[{"start":{"line":68,"column":8},"end":{"line":71,"column":9}},{"start":{},"end":{}}],"line":68},"4":{"loc":{"start":{"line":73,"column":8},"end":{"line":91,"column":9}},"type":"if","locations":[{"start":{"line":73,"column":8},"end":{"line":91,"column":9}},{"start":{"line":84,"column":13},"end":{"line":91,"column":9}}],"line":73},"5":{"loc":{"start":{"line":74,"column":12},"end":{"line":81,"column":13}},"type":"if","locations":[{"start":{"line":74,"column":12},"end":{"line":81,"column":13}},{"start":{"line":78,"column":16},"end":{"line":81,"column":13}}],"line":74},"6":{"loc":{"start":{"line":84,"column":13},"end":{"line":91,"column":9}},"type":"if","locations":[{"start":{"line":84,"column":13},"end":{"line":91,"column":9}},{"start":{"line":88,"column":13},"end":{"line":91,"column":9}}],"line":84},"7":{"loc":{"start":{"line":110,"column":4},"end":{"line":125,"column":5}},"type":"if","locations":[{"start":{"line":110,"column":4},"end":{"line":125,"column":5}},{"start":{"line":118,"column":9},"end":{"line":125,"column":5}}],"line":110},"8":{"loc":{"start":{"line":111,"column":8},"end":{"line":116,"column":9}},"type":"if","locations":[{"start":{"line":111,"column":8},"end":{"line":116,"column":9}},{"start":{"line":114,"column":13},"end":{"line":116,"column":9}}],"line":111},"9":{"loc":{"start":{"line":119,"column":8},"end":{"line":124,"column":9}},"type":"if","locations":[{"start":{"line":119,"column":8},"end":{"line":124,"column":9}},{"start":{"line":122,"column":13},"end":{"line":124,"column":9}}],"line":119},"10":{"loc":{"start":{"line":131,"column":4},"end":{"line":133,"column":5}},"type":"if","locations":[{"start":{"line":131,"column":4},"end":{"line":133,"column":5}},{"start":{},"end":{}}],"line":131},"11":{"loc":{"start":{"line":155,"column":22},"end":{"line":155,"column":49}},"type":"binary-expr","locations":[{"start":{"line":155,"column":22},"end":{"line":155,"column":36}},{"start":{"line":155,"column":40},"end":{"line":155,"column":49}}],"line":155},"12":{"loc":{"start":{"line":173,"column":4},"end":{"line":176,"column":20}},"type":"if","locations":[{"start":{"line":173,"column":4},"end":{"line":176,"column":20}},{"start":{"line":176,"column":8},"end":{"line":176,"column":20}}],"line":173},"13":{"loc":{"start":{"line":191,"column":12},"end":{"line":194,"column":13}},"type":"if","locations":[{"start":{"line":191,"column":12},"end":{"line":194,"column":13}},{"start":{},"end":{}}],"line":191},"14":{"loc":{"start":{"line":209,"column":4},"end":{"line":211,"column":5}},"type":"if","locations":[{"start":{"line":209,"column":4},"end":{"line":211,"column":5}},{"start":{},"end":{}}],"line":209},"15":{"loc":{"start":{"line":212,"column":4},"end":{"line":214,"column":5}},"type":"if","locations":[{"start":{"line":212,"column":4},"end":{"line":214,"column":5}},{"start":{},"end":{}}],"line":212},"16":{"loc":{"start":{"line":215,"column":4},"end":{"line":217,"column":5}},"type":"if","locations":[{"start":{"line":215,"column":4},"end":{"line":217,"column":5}},{"start":{},"end":{}}],"line":215},"17":{"loc":{"start":{"line":225,"column":8},"end":{"line":233,"column":9}},"type":"if","locations":[{"start":{"line":225,"column":8},"end":{"line":233,"column":9}},{"start":{"line":230,"column":13},"end":{"line":233,"column":9}}],"line":225}},"s":{"0":1,"1":1,"2":1,"3":4,"4":4,"5":1,"6":1,"7":3,"8":3,"9":1,"10":2,"11":2,"12":2,"13":2,"14":2,"15":2,"16":2,"17":5,"18":5,"19":5,"20":1,"21":1,"22":3,"23":1,"24":1,"25":1,"26":0,"27":0,"28":2,"29":1,"30":1,"31":1,"32":1,"33":1,"34":1,"35":2,"36":2,"37":2,"38":0,"39":0,"40":0,"41":2,"42":0,"43":2,"44":2,"45":2,"46":1,"47":1,"48":0,"49":1,"50":1,"51":0,"52":0,"53":1,"54":1,"55":1,"56":0,"57":0,"58":0,"59":0,"60":0,"61":0,"62":0,"63":0,"64":2,"65":2,"66":2,"67":2,"68":2,"69":48,"70":0,"71":0,"72":0,"73":0,"74":2,"75":2,"76":2,"77":2,"78":2,"79":2,"80":2,"81":2,"82":2,"83":2,"84":2,"85":2,"86":2,"87":2,"88":0,"89":0,"90":0,"91":0,"92":1},"f":{"0":4,"1":5,"2":2,"3":1,"4":0,"5":0,"6":0,"7":2,"8":2},"b":{"0":[1,3],"1":[1,2],"2":[3,2,2,2,2,2],"3":[1,3],"4":[1,2],"5":[1,0],"6":[1,1],"7":[0,2],"8":[0,0],"9":[0,2],"10":[0,1],"11":[0,0],"12":[0,0],"13":[0,48],"14":[2,0],"15":[2,0],"16":[2,0],"17":[2,0]},"_coverageSchema":"1a1c01bbd47fc00a2c39e90264f33305004495a9","hash":"bb60d9e9596c2f0048ffb724d46dc610b4e18fa2"}
,"C:\\Users\\hcosm\\Documents\\Revature\\Triviatastic\\triviatastic\\server\\src\\services\\userService.js": {"path":"C:\\Users\\hcosm\\Documents\\Revature\\Triviatastic\\triviatastic\\server\\src\\services\\userService.js","statementMap":{"0":{"start":{"line":1,"column":15},"end":{"line":1,"column":32}},"1":{"start":{"line":2,"column":16},"end":{"line":2,"column":41}},"2":{"start":{"line":3,"column":26},"end":{"line":3,"column":49}},"3":{"start":{"line":9,"column":23},"end":{"line":9,"column":64}},"4":{"start":{"line":10,"column":2},"end":{"line":13,"column":3}},"5":{"start":{"line":11,"column":4},"end":{"line":11,"column":77}},"6":{"start":{"line":16,"column":17},"end":{"line":16,"column":36}},"7":{"start":{"line":17,"column":23},"end":{"line":17,"column":54}},"8":{"start":{"line":19,"column":19},"end":{"line":36,"column":3}},"9":{"start":{"line":38,"column":22},"end":{"line":38,"column":56}},"10":{"start":{"line":39,"column":16},"end":{"line":39,"column":42}},"11":{"start":{"line":40,"column":2},"end":{"line":40,"column":79}},"12":{"start":{"line":45,"column":2},"end":{"line":47,"column":3}},"13":{"start":{"line":46,"column":4},"end":{"line":46,"column":61}},"14":{"start":{"line":49,"column":15},"end":{"line":49,"column":56}},"15":{"start":{"line":51,"column":2},"end":{"line":51,"column":47}},"16":{"start":{"line":51,"column":13},"end":{"line":51,"column":47}},"17":{"start":{"line":53,"column":16},"end":{"line":53,"column":65}},"18":{"start":{"line":54,"column":2},"end":{"line":54,"column":53}},"19":{"start":{"line":54,"column":14},"end":{"line":54,"column":53}},"20":{"start":{"line":56,"column":16},"end":{"line":56,"column":35}},"21":{"start":{"line":57,"column":2},"end":{"line":57,"column":82}},"22":{"start":{"line":62,"column":21},"end":{"line":62,"column":23}},"23":{"start":{"line":64,"column":2},"end":{"line":66,"column":3}},"24":{"start":{"line":65,"column":4},"end":{"line":65,"column":72}},"25":{"start":{"line":67,"column":2},"end":{"line":69,"column":3}},"26":{"start":{"line":68,"column":4},"end":{"line":68,"column":41}},"27":{"start":{"line":70,"column":2},"end":{"line":72,"column":3}},"28":{"start":{"line":71,"column":4},"end":{"line":71,"column":33}},"29":{"start":{"line":73,"column":2},"end":{"line":75,"column":3}},"30":{"start":{"line":74,"column":4},"end":{"line":74,"column":51}},"31":{"start":{"line":76,"column":2},"end":{"line":78,"column":3}},"32":{"start":{"line":77,"column":4},"end":{"line":77,"column":51}},"33":{"start":{"line":79,"column":2},"end":{"line":81,"column":3}},"34":{"start":{"line":80,"column":4},"end":{"line":80,"column":37}},"35":{"start":{"line":82,"column":2},"end":{"line":84,"column":3}},"36":{"start":{"line":83,"column":4},"end":{"line":83,"column":41}},"37":{"start":{"line":85,"column":2},"end":{"line":87,"column":3}},"38":{"start":{"line":86,"column":4},"end":{"line":86,"column":39}},"39":{"start":{"line":88,"column":2},"end":{"line":90,"column":3}},"40":{"start":{"line":89,"column":4},"end":{"line":89,"column":41}},"41":{"start":{"line":92,"column":2},"end":{"line":92,"column":40}},"42":{"start":{"line":97,"column":2},"end":{"line":97,"column":86}},"43":{"start":{"line":97,"column":74},"end":{"line":97,"column":86}},"44":{"start":{"line":99,"column":21},"end":{"line":99,"column":23}},"45":{"start":{"line":100,"column":2},"end":{"line":100,"column":62}},"46":{"start":{"line":102,"column":2},"end":{"line":102,"column":40}},"47":{"start":{"line":107,"column":15},"end":{"line":107,"column":49}},"48":{"start":{"line":108,"column":2},"end":{"line":108,"column":25}},"49":{"start":{"line":108,"column":12},"end":{"line":108,"column":25}},"50":{"start":{"line":110,"column":18},"end":{"line":110,"column":30}},"51":{"start":{"line":111,"column":2},"end":{"line":113,"column":3}},"52":{"start":{"line":112,"column":4},"end":{"line":112,"column":54}},"53":{"start":{"line":117,"column":2},"end":{"line":119,"column":3}},"54":{"start":{"line":118,"column":4},"end":{"line":118,"column":16}},"55":{"start":{"line":120,"column":2},"end":{"line":120,"column":15}},"56":{"start":{"line":125,"column":17},"end":{"line":125,"column":51}},"57":{"start":{"line":126,"column":4},"end":{"line":128,"column":5}},"58":{"start":{"line":127,"column":8},"end":{"line":127,"column":60}},"59":{"start":{"line":129,"column":4},"end":{"line":129,"column":16}},"60":{"start":{"line":134,"column":15},"end":{"line":134,"column":49}},"61":{"start":{"line":135,"column":2},"end":{"line":135,"column":47}},"62":{"start":{"line":135,"column":13},"end":{"line":135,"column":47}},"63":{"start":{"line":137,"column":2},"end":{"line":146,"column":4}},"64":{"start":{"line":151,"column":16},"end":{"line":151,"column":43}},"65":{"start":{"line":153,"column":2},"end":{"line":164,"column":6}},"66":{"start":{"line":153,"column":28},"end":{"line":164,"column":3}},"67":{"start":{"line":170,"column":16},"end":{"line":170,"column":43}},"68":{"start":{"line":171,"column":30},"end":{"line":175,"column":5}},"69":{"start":{"line":171,"column":49},"end":{"line":175,"column":3}},"70":{"start":{"line":177,"column":2},"end":{"line":177,"column":28}},"71":{"start":{"line":182,"column":30},"end":{"line":182,"column":60}},"72":{"start":{"line":183,"column":32},"end":{"line":187,"column":5}},"73":{"start":{"line":183,"column":65},"end":{"line":187,"column":3}},"74":{"start":{"line":189,"column":2},"end":{"line":189,"column":83}},"75":{"start":{"line":189,"column":46},"end":{"line":189,"column":81}},"76":{"start":{"line":196,"column":16},"end":{"line":196,"column":43}},"77":{"start":{"line":198,"column":2},"end":{"line":201,"column":6}},"78":{"start":{"line":198,"column":28},"end":{"line":201,"column":3}},"79":{"start":{"line":208,"column":4},"end":{"line":210,"column":5}},"80":{"start":{"line":209,"column":8},"end":{"line":209,"column":47}},"81":{"start":{"line":212,"column":20},"end":{"line":212,"column":76}},"82":{"start":{"line":214,"column":4},"end":{"line":217,"column":6}},"83":{"start":{"line":222,"column":19},"end":{"line":222,"column":55}},"84":{"start":{"line":223,"column":21},"end":{"line":223,"column":68}},"85":{"start":{"line":225,"column":4},"end":{"line":227,"column":5}},"86":{"start":{"line":226,"column":8},"end":{"line":226,"column":57}},"87":{"start":{"line":229,"column":4},"end":{"line":231,"column":5}},"88":{"start":{"line":230,"column":8},"end":{"line":230,"column":72}},"89":{"start":{"line":233,"column":4},"end":{"line":235,"column":5}},"90":{"start":{"line":234,"column":8},"end":{"line":234,"column":71}},"91":{"start":{"line":237,"column":22},"end":{"line":237,"column":41}},"92":{"start":{"line":239,"column":24},"end":{"line":249,"column":5}},"93":{"start":{"line":251,"column":4},"end":{"line":251,"column":49}},"94":{"start":{"line":253,"column":4},"end":{"line":255,"column":5}},"95":{"start":{"line":262,"column":17},"end":{"line":262,"column":51}},"96":{"start":{"line":263,"column":23},"end":{"line":263,"column":59}},"97":{"start":{"line":265,"column":4},"end":{"line":267,"column":5}},"98":{"start":{"line":266,"column":8},"end":{"line":266,"column":58}},"99":{"start":{"line":269,"column":4},"end":{"line":271,"column":5}},"100":{"start":{"line":270,"column":8},"end":{"line":270,"column":63}},"101":{"start":{"line":273,"column":4},"end":{"line":276,"column":5}},"102":{"start":{"line":274,"column":8},"end":{"line":274,"column":47}},"103":{"start":{"line":275,"column":8},"end":{"line":275,"column":67}},"104":{"start":{"line":278,"column":4},"end":{"line":281,"column":5}},"105":{"start":{"line":279,"column":8},"end":{"line":279,"column":47}},"106":{"start":{"line":280,"column":8},"end":{"line":280,"column":79}},"107":{"start":{"line":283,"column":4},"end":{"line":286,"column":6}},"108":{"start":{"line":291,"column":15},"end":{"line":291,"column":49}},"109":{"start":{"line":292,"column":21},"end":{"line":292,"column":57}},"110":{"start":{"line":294,"column":3},"end":{"line":296,"column":5}},"111":{"start":{"line":295,"column":8},"end":{"line":295,"column":58}},"112":{"start":{"line":298,"column":4},"end":{"line":300,"column":5}},"113":{"start":{"line":299,"column":8},"end":{"line":299,"column":64}},"114":{"start":{"line":302,"column":4},"end":{"line":304,"column":5}},"115":{"start":{"line":303,"column":8},"end":{"line":303,"column":100}},"116":{"start":{"line":306,"column":4},"end":{"line":309,"column":6}},"117":{"start":{"line":314,"column":24},"end":{"line":314,"column":57}},"118":{"start":{"line":315,"column":4},"end":{"line":317,"column":5}},"119":{"start":{"line":316,"column":8},"end":{"line":316,"column":43}},"120":{"start":{"line":319,"column":24},"end":{"line":319,"column":79}},"121":{"start":{"line":321,"column":30},"end":{"line":324,"column":7}},"122":{"start":{"line":321,"column":52},"end":{"line":324,"column":5}},"123":{"start":{"line":326,"column":4},"end":{"line":329,"column":5}},"124":{"start":{"line":334,"column":22},"end":{"line":334,"column":44}},"125":{"start":{"line":335,"column":2},"end":{"line":337,"column":3}},"126":{"start":{"line":336,"column":4},"end":{"line":336,"column":38}},"127":{"start":{"line":339,"column":19},"end":{"line":339,"column":88}},"128":{"start":{"line":340,"column":2},"end":{"line":342,"column":3}},"129":{"start":{"line":341,"column":4},"end":{"line":341,"column":61}},"130":{"start":{"line":344,"column":2},"end":{"line":372,"column":3}},"131":{"start":{"line":345,"column":59},"end":{"line":345,"column":67}},"132":{"start":{"line":346,"column":27},"end":{"line":346,"column":64}},"133":{"start":{"line":348,"column":4},"end":{"line":355,"column":6}},"134":{"start":{"line":357,"column":4},"end":{"line":371,"column":5}},"135":{"start":{"line":358,"column":61},"end":{"line":358,"column":69}},"136":{"start":{"line":359,"column":25},"end":{"line":359,"column":64}},"137":{"start":{"line":361,"column":6},"end":{"line":368,"column":8}},"138":{"start":{"line":370,"column":6},"end":{"line":370,"column":63}},"139":{"start":{"line":377,"column":2},"end":{"line":387,"column":3}},"140":{"start":{"line":378,"column":4},"end":{"line":378,"column":62}},"141":{"start":{"line":380,"column":4},"end":{"line":386,"column":5}},"142":{"start":{"line":381,"column":6},"end":{"line":383,"column":8}},"143":{"start":{"line":385,"column":6},"end":{"line":385,"column":58}},"144":{"start":{"line":392,"column":23},"end":{"line":392,"column":76}},"145":{"start":{"line":393,"column":2},"end":{"line":395,"column":3}},"146":{"start":{"line":394,"column":4},"end":{"line":394,"column":39}},"147":{"start":{"line":396,"column":2},"end":{"line":396,"column":93}},"148":{"start":{"line":396,"column":66},"end":{"line":396,"column":91}},"149":{"start":{"line":397,"column":2},"end":{"line":399,"column":3}},"150":{"start":{"line":398,"column":4},"end":{"line":398,"column":17}},"151":{"start":{"line":400,"column":2},"end":{"line":400,"column":14}},"152":{"start":{"line":404,"column":0},"end":{"line":407,"column":2}}},"fnMap":{"0":{"name":"registerUser","decl":{"start":{"line":6,"column":15},"end":{"line":6,"column":27}},"loc":{"start":{"line":6,"column":52},"end":{"line":41,"column":1}},"line":6},"1":{"name":"loginUser","decl":{"start":{"line":44,"column":15},"end":{"line":44,"column":24}},"loc":{"start":{"line":44,"column":49},"end":{"line":58,"column":1}},"line":44},"2":{"name":"updateAccount","decl":{"start":{"line":61,"column":15},"end":{"line":61,"column":28}},"loc":{"start":{"line":61,"column":44},"end":{"line":93,"column":1}},"line":61},"3":{"name":"updateProfile","decl":{"start":{"line":96,"column":15},"end":{"line":96,"column":28}},"loc":{"start":{"line":96,"column":45},"end":{"line":103,"column":1}},"line":96},"4":{"name":"deleteUserById","decl":{"start":{"line":106,"column":15},"end":{"line":106,"column":29}},"loc":{"start":{"line":106,"column":38},"end":{"line":121,"column":1}},"line":106},"5":{"name":"findUserById","decl":{"start":{"line":124,"column":15},"end":{"line":124,"column":27}},"loc":{"start":{"line":124,"column":36},"end":{"line":130,"column":1}},"line":124},"6":{"name":"getStats","decl":{"start":{"line":133,"column":15},"end":{"line":133,"column":23}},"loc":{"start":{"line":133,"column":32},"end":{"line":147,"column":1}},"line":133},"7":{"name":"getUsersStats","decl":{"start":{"line":150,"column":15},"end":{"line":150,"column":28}},"loc":{"start":{"line":150,"column":31},"end":{"line":165,"column":1}},"line":150},"8":{"name":"(anonymous_8)","decl":{"start":{"line":153,"column":19},"end":{"line":153,"column":20}},"loc":{"start":{"line":153,"column":28},"end":{"line":164,"column":3}},"line":153},"9":{"name":"getUsersCategoryScores","decl":{"start":{"line":168,"column":15},"end":{"line":168,"column":37}},"loc":{"start":{"line":168,"column":40},"end":{"line":178,"column":1}},"line":168},"10":{"name":"(anonymous_10)","decl":{"start":{"line":171,"column":40},"end":{"line":171,"column":41}},"loc":{"start":{"line":171,"column":49},"end":{"line":175,"column":3}},"line":171},"11":{"name":"getUsersScoreByCategory","decl":{"start":{"line":181,"column":15},"end":{"line":181,"column":38}},"loc":{"start":{"line":181,"column":48},"end":{"line":190,"column":1}},"line":181},"12":{"name":"(anonymous_12)","decl":{"start":{"line":183,"column":56},"end":{"line":183,"column":57}},"loc":{"start":{"line":183,"column":65},"end":{"line":187,"column":3}},"line":183},"13":{"name":"(anonymous_13)","decl":{"start":{"line":189,"column":36},"end":{"line":189,"column":37}},"loc":{"start":{"line":189,"column":46},"end":{"line":189,"column":81}},"line":189},"14":{"name":"getAllUsers","decl":{"start":{"line":195,"column":15},"end":{"line":195,"column":26}},"loc":{"start":{"line":195,"column":29},"end":{"line":203,"column":1}},"line":195},"15":{"name":"(anonymous_15)","decl":{"start":{"line":198,"column":19},"end":{"line":198,"column":20}},"loc":{"start":{"line":198,"column":28},"end":{"line":201,"column":3}},"line":198},"16":{"name":"getUsersFriends","decl":{"start":{"line":207,"column":15},"end":{"line":207,"column":30}},"loc":{"start":{"line":207,"column":37},"end":{"line":218,"column":1}},"line":207},"17":{"name":"sendFriendRequest","decl":{"start":{"line":221,"column":15},"end":{"line":221,"column":32}},"loc":{"start":{"line":221,"column":58},"end":{"line":257,"column":1}},"line":221},"18":{"name":"addFriend","decl":{"start":{"line":261,"column":15},"end":{"line":261,"column":24}},"loc":{"start":{"line":261,"column":42},"end":{"line":287,"column":1}},"line":261},"19":{"name":"denyRequest","decl":{"start":{"line":290,"column":15},"end":{"line":290,"column":26}},"loc":{"start":{"line":290,"column":45},"end":{"line":310,"column":1}},"line":290},"20":{"name":"getFriendRequestsByStatus","decl":{"start":{"line":313,"column":15},"end":{"line":313,"column":40}},"loc":{"start":{"line":313,"column":57},"end":{"line":330,"column":1}},"line":313},"21":{"name":"(anonymous_21)","decl":{"start":{"line":321,"column":46},"end":{"line":321,"column":47}},"loc":{"start":{"line":321,"column":52},"end":{"line":324,"column":5}},"line":321},"22":{"name":"respondToFriendRequest","decl":{"start":{"line":333,"column":15},"end":{"line":333,"column":37}},"loc":{"start":{"line":333,"column":71},"end":{"line":373,"column":1}},"line":333},"23":{"name":"deleteFriendRequest","decl":{"start":{"line":376,"column":15},"end":{"line":376,"column":34}},"loc":{"start":{"line":376,"column":55},"end":{"line":389,"column":1}},"line":376},"24":{"name":"removeFriend","decl":{"start":{"line":391,"column":15},"end":{"line":391,"column":27}},"loc":{"start":{"line":391,"column":66},"end":{"line":401,"column":1}},"line":391},"25":{"name":"(anonymous_25)","decl":{"start":{"line":396,"column":53},"end":{"line":396,"column":54}},"loc":{"start":{"line":396,"column":66},"end":{"line":396,"column":91}},"line":396}},"branchMap":{"0":{"loc":{"start":{"line":10,"column":2},"end":{"line":13,"column":3}},"type":"if","locations":[{"start":{"line":10,"column":2},"end":{"line":13,"column":3}},{"start":{},"end":{}}],"line":10},"1":{"loc":{"start":{"line":45,"column":2},"end":{"line":47,"column":3}},"type":"if","locations":[{"start":{"line":45,"column":2},"end":{"line":47,"column":3}},{"start":{},"end":{}}],"line":45},"2":{"loc":{"start":{"line":45,"column":6},"end":{"line":45,"column":28}},"type":"binary-expr","locations":[{"start":{"line":45,"column":6},"end":{"line":45,"column":15}},{"start":{"line":45,"column":19},"end":{"line":45,"column":28}}],"line":45},"3":{"loc":{"start":{"line":51,"column":2},"end":{"line":51,"column":47}},"type":"if","locations":[{"start":{"line":51,"column":2},"end":{"line":51,"column":47}},{"start":{},"end":{}}],"line":51},"4":{"loc":{"start":{"line":54,"column":2},"end":{"line":54,"column":53}},"type":"if","locations":[{"start":{"line":54,"column":2},"end":{"line":54,"column":53}},{"start":{},"end":{}}],"line":54},"5":{"loc":{"start":{"line":64,"column":2},"end":{"line":66,"column":3}},"type":"if","locations":[{"start":{"line":64,"column":2},"end":{"line":66,"column":3}},{"start":{},"end":{}}],"line":64},"6":{"loc":{"start":{"line":67,"column":2},"end":{"line":69,"column":3}},"type":"if","locations":[{"start":{"line":67,"column":2},"end":{"line":69,"column":3}},{"start":{},"end":{}}],"line":67},"7":{"loc":{"start":{"line":67,"column":6},"end":{"line":67,"column":71}},"type":"binary-expr","locations":[{"start":{"line":67,"column":6},"end":{"line":67,"column":44}},{"start":{"line":67,"column":48},"end":{"line":67,"column":71}}],"line":67},"8":{"loc":{"start":{"line":70,"column":2},"end":{"line":72,"column":3}},"type":"if","locations":[{"start":{"line":70,"column":2},"end":{"line":72,"column":3}},{"start":{},"end":{}}],"line":70},"9":{"loc":{"start":{"line":70,"column":6},"end":{"line":70,"column":63}},"type":"binary-expr","locations":[{"start":{"line":70,"column":6},"end":{"line":70,"column":40}},{"start":{"line":70,"column":44},"end":{"line":70,"column":63}}],"line":70},"10":{"loc":{"start":{"line":73,"column":2},"end":{"line":75,"column":3}},"type":"if","locations":[{"start":{"line":73,"column":2},"end":{"line":75,"column":3}},{"start":{},"end":{}}],"line":73},"11":{"loc":{"start":{"line":73,"column":6},"end":{"line":73,"column":76}},"type":"binary-expr","locations":[{"start":{"line":73,"column":6},"end":{"line":73,"column":29}},{"start":{"line":73,"column":33},"end":{"line":73,"column":76}}],"line":73},"12":{"loc":{"start":{"line":76,"column":2},"end":{"line":78,"column":3}},"type":"if","locations":[{"start":{"line":76,"column":2},"end":{"line":78,"column":3}},{"start":{},"end":{}}],"line":76},"13":{"loc":{"start":{"line":76,"column":6},"end":{"line":76,"column":76}},"type":"binary-expr","locations":[{"start":{"line":76,"column":6},"end":{"line":76,"column":29}},{"start":{"line":76,"column":33},"end":{"line":76,"column":76}}],"line":76},"14":{"loc":{"start":{"line":79,"column":2},"end":{"line":81,"column":3}},"type":"if","locations":[{"start":{"line":79,"column":2},"end":{"line":81,"column":3}},{"start":{},"end":{}}],"line":79},"15":{"loc":{"start":{"line":79,"column":6},"end":{"line":79,"column":67}},"type":"binary-expr","locations":[{"start":{"line":79,"column":6},"end":{"line":79,"column":42}},{"start":{"line":79,"column":46},"end":{"line":79,"column":67}}],"line":79},"16":{"loc":{"start":{"line":82,"column":2},"end":{"line":84,"column":3}},"type":"if","locations":[{"start":{"line":82,"column":2},"end":{"line":84,"column":3}},{"start":{},"end":{}}],"line":82},"17":{"loc":{"start":{"line":82,"column":6},"end":{"line":82,"column":71}},"type":"binary-expr","locations":[{"start":{"line":82,"column":6},"end":{"line":82,"column":44}},{"start":{"line":82,"column":48},"end":{"line":82,"column":71}}],"line":82},"18":{"loc":{"start":{"line":85,"column":2},"end":{"line":87,"column":3}},"type":"if","locations":[{"start":{"line":85,"column":2},"end":{"line":87,"column":3}},{"start":{},"end":{}}],"line":85},"19":{"loc":{"start":{"line":85,"column":6},"end":{"line":85,"column":69}},"type":"binary-expr","locations":[{"start":{"line":85,"column":6},"end":{"line":85,"column":43}},{"start":{"line":85,"column":47},"end":{"line":85,"column":69}}],"line":85},"20":{"loc":{"start":{"line":88,"column":2},"end":{"line":90,"column":3}},"type":"if","locations":[{"start":{"line":88,"column":2},"end":{"line":90,"column":3}},{"start":{},"end":{}}],"line":88},"21":{"loc":{"start":{"line":88,"column":6},"end":{"line":88,"column":71}},"type":"binary-expr","locations":[{"start":{"line":88,"column":6},"end":{"line":88,"column":44}},{"start":{"line":88,"column":48},"end":{"line":88,"column":71}}],"line":88},"22":{"loc":{"start":{"line":97,"column":2},"end":{"line":97,"column":86}},"type":"if","locations":[{"start":{"line":97,"column":2},"end":{"line":97,"column":86}},{"start":{},"end":{}}],"line":97},"23":{"loc":{"start":{"line":97,"column":6},"end":{"line":97,"column":72}},"type":"binary-expr","locations":[{"start":{"line":97,"column":6},"end":{"line":97,"column":15}},{"start":{"line":97,"column":19},"end":{"line":97,"column":47}},{"start":{"line":97,"column":51},"end":{"line":97,"column":72}}],"line":97},"24":{"loc":{"start":{"line":108,"column":2},"end":{"line":108,"column":25}},"type":"if","locations":[{"start":{"line":108,"column":2},"end":{"line":108,"column":25}},{"start":{},"end":{}}],"line":108},"25":{"loc":{"start":{"line":117,"column":2},"end":{"line":119,"column":3}},"type":"if","locations":[{"start":{"line":117,"column":2},"end":{"line":119,"column":3}},{"start":{},"end":{}}],"line":117},"26":{"loc":{"start":{"line":126,"column":4},"end":{"line":128,"column":5}},"type":"if","locations":[{"start":{"line":126,"column":4},"end":{"line":128,"column":5}},{"start":{},"end":{}}],"line":126},"27":{"loc":{"start":{"line":135,"column":2},"end":{"line":135,"column":47}},"type":"if","locations":[{"start":{"line":135,"column":2},"end":{"line":135,"column":47}},{"start":{},"end":{}}],"line":135},"28":{"loc":{"start":{"line":208,"column":4},"end":{"line":210,"column":5}},"type":"if","locations":[{"start":{"line":208,"column":4},"end":{"line":210,"column":5}},{"start":{},"end":{}}],"line":208},"29":{"loc":{"start":{"line":212,"column":20},"end":{"line":212,"column":76}},"type":"binary-expr","locations":[{"start":{"line":212,"column":20},"end":{"line":212,"column":70}},{"start":{"line":212,"column":74},"end":{"line":212,"column":76}}],"line":212},"30":{"loc":{"start":{"line":225,"column":4},"end":{"line":227,"column":5}},"type":"if","locations":[{"start":{"line":225,"column":4},"end":{"line":227,"column":5}},{"start":{},"end":{}}],"line":225},"31":{"loc":{"start":{"line":225,"column":8},"end":{"line":225,"column":28}},"type":"binary-expr","locations":[{"start":{"line":225,"column":8},"end":{"line":225,"column":15}},{"start":{"line":225,"column":19},"end":{"line":225,"column":28}}],"line":225},"32":{"loc":{"start":{"line":229,"column":4},"end":{"line":231,"column":5}},"type":"if","locations":[{"start":{"line":229,"column":4},"end":{"line":231,"column":5}},{"start":{},"end":{}}],"line":229},"33":{"loc":{"start":{"line":233,"column":4},"end":{"line":235,"column":5}},"type":"if","locations":[{"start":{"line":233,"column":4},"end":{"line":235,"column":5}},{"start":{},"end":{}}],"line":233},"34":{"loc":{"start":{"line":265,"column":4},"end":{"line":267,"column":5}},"type":"if","locations":[{"start":{"line":265,"column":4},"end":{"line":267,"column":5}},{"start":{},"end":{}}],"line":265},"35":{"loc":{"start":{"line":265,"column":8},"end":{"line":265,"column":28}},"type":"binary-expr","locations":[{"start":{"line":265,"column":8},"end":{"line":265,"column":13}},{"start":{"line":265,"column":17},"end":{"line":265,"column":28}}],"line":265},"36":{"loc":{"start":{"line":269,"column":4},"end":{"line":271,"column":5}},"type":"if","locations":[{"start":{"line":269,"column":4},"end":{"line":271,"column":5}},{"start":{},"end":{}}],"line":269},"37":{"loc":{"start":{"line":273,"column":4},"end":{"line":276,"column":5}},"type":"if","locations":[{"start":{"line":273,"column":4},"end":{"line":276,"column":5}},{"start":{},"end":{}}],"line":273},"38":{"loc":{"start":{"line":278,"column":4},"end":{"line":281,"column":5}},"type":"if","locations":[{"start":{"line":278,"column":4},"end":{"line":281,"column":5}},{"start":{},"end":{}}],"line":278},"39":{"loc":{"start":{"line":294,"column":3},"end":{"line":296,"column":5}},"type":"if","locations":[{"start":{"line":294,"column":3},"end":{"line":296,"column":5}},{"start":{},"end":{}}],"line":294},"40":{"loc":{"start":{"line":294,"column":7},"end":{"line":294,"column":27}},"type":"binary-expr","locations":[{"start":{"line":294,"column":7},"end":{"line":294,"column":12}},{"start":{"line":294,"column":16},"end":{"line":294,"column":27}}],"line":294},"41":{"loc":{"start":{"line":298,"column":4},"end":{"line":300,"column":5}},"type":"if","locations":[{"start":{"line":298,"column":4},"end":{"line":300,"column":5}},{"start":{},"end":{}}],"line":298},"42":{"loc":{"start":{"line":302,"column":4},"end":{"line":304,"column":5}},"type":"if","locations":[{"start":{"line":302,"column":4},"end":{"line":304,"column":5}},{"start":{},"end":{}}],"line":302},"43":{"loc":{"start":{"line":315,"column":4},"end":{"line":317,"column":5}},"type":"if","locations":[{"start":{"line":315,"column":4},"end":{"line":317,"column":5}},{"start":{},"end":{}}],"line":315},"44":{"loc":{"start":{"line":335,"column":2},"end":{"line":337,"column":3}},"type":"if","locations":[{"start":{"line":335,"column":2},"end":{"line":337,"column":3}},{"start":{},"end":{}}],"line":335},"45":{"loc":{"start":{"line":340,"column":2},"end":{"line":342,"column":3}},"type":"if","locations":[{"start":{"line":340,"column":2},"end":{"line":342,"column":3}},{"start":{},"end":{}}],"line":340},"46":{"loc":{"start":{"line":344,"column":2},"end":{"line":372,"column":3}},"type":"if","locations":[{"start":{"line":344,"column":2},"end":{"line":372,"column":3}},{"start":{"line":356,"column":7},"end":{"line":372,"column":3}}],"line":344},"47":{"loc":{"start":{"line":357,"column":4},"end":{"line":371,"column":5}},"type":"if","locations":[{"start":{"line":357,"column":4},"end":{"line":371,"column":5}},{"start":{"line":369,"column":9},"end":{"line":371,"column":5}}],"line":357},"48":{"loc":{"start":{"line":377,"column":2},"end":{"line":387,"column":3}},"type":"if","locations":[{"start":{"line":377,"column":2},"end":{"line":387,"column":3}},{"start":{"line":379,"column":7},"end":{"line":387,"column":3}}],"line":377},"49":{"loc":{"start":{"line":377,"column":6},"end":{"line":377,"column":27}},"type":"binary-expr","locations":[{"start":{"line":377,"column":6},"end":{"line":377,"column":13}},{"start":{"line":377,"column":17},"end":{"line":377,"column":27}}],"line":377},"50":{"loc":{"start":{"line":380,"column":4},"end":{"line":386,"column":5}},"type":"if","locations":[{"start":{"line":380,"column":4},"end":{"line":386,"column":5}},{"start":{"line":384,"column":9},"end":{"line":386,"column":5}}],"line":380},"51":{"loc":{"start":{"line":393,"column":2},"end":{"line":395,"column":3}},"type":"if","locations":[{"start":{"line":393,"column":2},"end":{"line":395,"column":3}},{"start":{},"end":{}}],"line":393},"52":{"loc":{"start":{"line":397,"column":2},"end":{"line":399,"column":3}},"type":"if","locations":[{"start":{"line":397,"column":2},"end":{"line":399,"column":3}},{"start":{},"end":{}}],"line":397}},"s":{"0":1,"1":1,"2":1,"3":3,"4":3,"5":1,"6":2,"7":2,"8":1,"9":1,"10":1,"11":1,"12":3,"13":0,"14":3,"15":3,"16":1,"17":2,"18":2,"19":1,"20":1,"21":1,"22":4,"23":4,"24":4,"25":4,"26":0,"27":4,"28":0,"29":4,"30":0,"31":4,"32":0,"33":4,"34":1,"35":4,"36":0,"37":4,"38":0,"39":4,"40":0,"41":4,"42":3,"43":1,"44":2,"45":2,"46":2,"47":2,"48":2,"49":1,"50":1,"51":1,"52":0,"53":1,"54":1,"55":0,"56":0,"57":0,"58":0,"59":0,"60":0,"61":0,"62":0,"63":0,"64":0,"65":0,"66":0,"67":0,"68":0,"69":0,"70":0,"71":0,"72":0,"73":0,"74":0,"75":0,"76":0,"77":0,"78":0,"79":2,"80":1,"81":1,"82":1,"83":5,"84":5,"85":5,"86":2,"87":3,"88":1,"89":2,"90":0,"91":2,"92":2,"93":2,"94":2,"95":0,"96":0,"97":0,"98":0,"99":0,"100":0,"101":0,"102":0,"103":0,"104":0,"105":0,"106":0,"107":0,"108":0,"109":0,"110":0,"111":0,"112":0,"113":0,"114":0,"115":0,"116":0,"117":2,"118":2,"119":1,"120":1,"121":1,"122":1,"123":1,"124":0,"125":0,"126":0,"127":0,"128":0,"129":0,"130":0,"131":0,"132":0,"133":0,"134":0,"135":0,"136":0,"137":0,"138":0,"139":2,"140":0,"141":2,"142":1,"143":1,"144":0,"145":0,"146":0,"147":0,"148":0,"149":0,"150":0,"151":0,"152":1},"f":{"0":3,"1":3,"2":4,"3":3,"4":2,"5":0,"6":0,"7":0,"8":0,"9":0,"10":0,"11":0,"12":0,"13":0,"14":0,"15":0,"16":2,"17":5,"18":0,"19":0,"20":2,"21":1,"22":0,"23":2,"24":0,"25":0},"b":{"0":[1,2],"1":[0,3],"2":[3,3],"3":[1,2],"4":[1,1],"5":[4,0],"6":[0,4],"7":[4,0],"8":[0,4],"9":[4,1],"10":[0,4],"11":[4,0],"12":[0,4],"13":[4,0],"14":[1,3],"15":[4,1],"16":[0,4],"17":[4,0],"18":[0,4],"19":[4,0],"20":[0,4],"21":[4,0],"22":[1,2],"23":[3,3,2],"24":[1,1],"25":[1,0],"26":[0,0],"27":[0,0],"28":[1,1],"29":[1,0],"30":[2,3],"31":[5,4],"32":[1,2],"33":[0,2],"34":[0,0],"35":[0,0],"36":[0,0],"37":[0,0],"38":[0,0],"39":[0,0],"40":[0,0],"41":[0,0],"42":[0,0],"43":[1,1],"44":[0,0],"45":[0,0],"46":[0,0],"47":[0,0],"48":[0,2],"49":[2,2],"50":[1,1],"51":[0,0],"52":[0,0]},"_coverageSchema":"1a1c01bbd47fc00a2c39e90264f33305004495a9","hash":"061597a434dab7b85c1966999e82a9a1de2c9685"}
,"C:\\Users\\hcosm\\Documents\\Revature\\Triviatastic\\triviatastic\\server\\src\\utils\\jwt.js": {"path":"C:\\Users\\hcosm\\Documents\\Revature\\Triviatastic\\triviatastic\\server\\src\\utils\\jwt.js","statementMap":{"0":{"start":{"line":1,"column":19},"end":{"line":1,"column":38}},"1":{"start":{"line":2,"column":12},"end":{"line":2,"column":35}},"2":{"start":{"line":5,"column":19},"end":{"line":5,"column":61}},"3":{"start":{"line":8,"column":2},"end":{"line":12,"column":4}},"4":{"start":{"line":16,"column":2},"end":{"line":16,"column":39}},"5":{"start":{"line":20,"column":21},"end":{"line":20,"column":46}},"6":{"start":{"line":21,"column":2},"end":{"line":24,"column":3}},"7":{"start":{"line":22,"column":4},"end":{"line":22,"column":33}},"8":{"start":{"line":23,"column":4},"end":{"line":23,"column":62}},"9":{"start":{"line":26,"column":16},"end":{"line":26,"column":40}},"10":{"start":{"line":27,"column":2},"end":{"line":34,"column":3}},"11":{"start":{"line":28,"column":20},"end":{"line":28,"column":38}},"12":{"start":{"line":29,"column":4},"end":{"line":29,"column":23}},"13":{"start":{"line":30,"column":4},"end":{"line":30,"column":11}},"14":{"start":{"line":32,"column":4},"end":{"line":32,"column":33}},"15":{"start":{"line":33,"column":4},"end":{"line":33,"column":55}},"16":{"start":{"line":38,"column":2},"end":{"line":44,"column":4}},"17":{"start":{"line":39,"column":4},"end":{"line":42,"column":5}},"18":{"start":{"line":40,"column":6},"end":{"line":40,"column":66}},"19":{"start":{"line":41,"column":6},"end":{"line":41,"column":60}},"20":{"start":{"line":43,"column":4},"end":{"line":43,"column":11}},"21":{"start":{"line":47,"column":0},"end":{"line":47,"column":77}}},"fnMap":{"0":{"name":"generateToken","decl":{"start":{"line":7,"column":9},"end":{"line":7,"column":22}},"loc":{"start":{"line":7,"column":29},"end":{"line":13,"column":1}},"line":7},"1":{"name":"verifyToken","decl":{"start":{"line":15,"column":9},"end":{"line":15,"column":20}},"loc":{"start":{"line":15,"column":28},"end":{"line":17,"column":1}},"line":15},"2":{"name":"authenticate","decl":{"start":{"line":19,"column":9},"end":{"line":19,"column":21}},"loc":{"start":{"line":19,"column":38},"end":{"line":35,"column":1}},"line":19},"3":{"name":"authorizeRole","decl":{"start":{"line":37,"column":9},"end":{"line":37,"column":22}},"loc":{"start":{"line":37,"column":29},"end":{"line":45,"column":1}},"line":37},"4":{"name":"(anonymous_4)","decl":{"start":{"line":38,"column":9},"end":{"line":38,"column":10}},"loc":{"start":{"line":38,"column":29},"end":{"line":44,"column":3}},"line":38}},"branchMap":{"0":{"loc":{"start":{"line":5,"column":19},"end":{"line":5,"column":61}},"type":"binary-expr","locations":[{"start":{"line":5,"column":19},"end":{"line":5,"column":41}},{"start":{"line":5,"column":45},"end":{"line":5,"column":61}}],"line":5},"1":{"loc":{"start":{"line":21,"column":2},"end":{"line":24,"column":3}},"type":"if","locations":[{"start":{"line":21,"column":2},"end":{"line":24,"column":3}},{"start":{},"end":{}}],"line":21},"2":{"loc":{"start":{"line":39,"column":4},"end":{"line":42,"column":5}},"type":"if","locations":[{"start":{"line":39,"column":4},"end":{"line":42,"column":5}},{"start":{},"end":{}}],"line":39},"3":{"loc":{"start":{"line":39,"column":8},"end":{"line":39,"column":43}},"type":"binary-expr","locations":[{"start":{"line":39,"column":8},"end":{"line":39,"column":17}},{"start":{"line":39,"column":21},"end":{"line":39,"column":43}}],"line":39}},"s":{"0":1,"1":1,"2":1,"3":2,"4":0,"5":0,"6":0,"7":0,"8":0,"9":0,"10":0,"11":0,"12":0,"13":0,"14":0,"15":0,"16":0,"17":0,"18":0,"19":0,"20":0,"21":1},"f":{"0":2,"1":0,"2":0,"3":0,"4":0},"b":{"0":[1,1],"1":[0,0],"2":[0,0],"3":[0,0]},"_coverageSchema":"1a1c01bbd47fc00a2c39e90264f33305004495a9","hash":"c89ad11351cfe7937365ae662eb8399a545f626a"}
,"C:\\Users\\hcosm\\Documents\\Revature\\Triviatastic\\triviatastic\\server\\src\\utils\\logger.js": {"path":"C:\\Users\\hcosm\\Documents\\Revature\\Triviatastic\\triviatastic\\server\\src\\utils\\logger.js","statementMap":{"0":{"start":{"line":1,"column":45},"end":{"line":1,"column":63}},"1":{"start":{"line":2,"column":11},"end":{"line":2,"column":24}},"2":{"start":{"line":3,"column":13},"end":{"line":3,"column":28}},"3":{"start":{"line":5,"column":15},"end":{"line":5,"column":49}},"4":{"start":{"line":7,"column":0},"end":{"line":9,"column":1}},"5":{"start":{"line":8,"column":2},"end":{"line":8,"column":23}},"6":{"start":{"line":11,"column":15},"end":{"line":24,"column":2}},"7":{"start":{"line":15,"column":6},"end":{"line":15,"column":51}},"8":{"start":{"line":28,"column":4},"end":{"line":28,"column":55}},"9":{"start":{"line":29,"column":4},"end":{"line":29,"column":11}},"10":{"start":{"line":32,"column":0},"end":{"line":35,"column":1}}},"fnMap":{"0":{"name":"(anonymous_0)","decl":{"start":{"line":14,"column":18},"end":{"line":14,"column":19}},"loc":{"start":{"line":14,"column":53},"end":{"line":16,"column":5}},"line":14},"1":{"name":"loggerMiddleware","decl":{"start":{"line":27,"column":9},"end":{"line":27,"column":25}},"loc":{"start":{"line":27,"column":41},"end":{"line":30,"column":1}},"line":27}},"branchMap":{"0":{"loc":{"start":{"line":7,"column":0},"end":{"line":9,"column":1}},"type":"if","locations":[{"start":{"line":7,"column":0},"end":{"line":9,"column":1}},{"start":{},"end":{}}],"line":7}},"s":{"0":1,"1":1,"2":1,"3":1,"4":1,"5":0,"6":1,"7":12,"8":0,"9":0,"10":1},"f":{"0":12,"1":0},"b":{"0":[0,1]},"_coverageSchema":"1a1c01bbd47fc00a2c39e90264f33305004495a9","hash":"17061bf2731a1ea57d4481030b3d313e4ebb4860"}
}
