TN:
SF:src\dao\gameDAO.js
FN:14,createGame
FN:22,getGame
FN:32,deleteGame
FNF:3
FNH:0
FNDA:0,createGame
FNDA:0,getGame
FNDA:0,deleteGame
DA:1,1
DA:4,1
DA:5,1
DA:8,1
DA:9,1
DA:11,1
DA:15,0
DA:16,0
DA:17,0
DA:18,0
DA:23,0
DA:27,0
DA:28,0
DA:33,0
DA:37,0
DA:38,0
DA:41,1
LF:17
LH:7
BRF:0
BRH:0
end_of_record
TN:
SF:src\dao\questionDAO.js
FN:23,createQuestion
FN:43,updateQuestionStatus
FN:82,getQuestionById
FN:119,deleteQuestion
FN:151,getAllQuestionsByStatus
FN:187,getAllQuestionsByCategory
FN:234,getAllQuestionsByCategoryNoType
FN:281,getAllQuestions
FN:329,getAllQuestionsNoType
FN:376,getAllUsersQuestions
FNF:10
FNH:0
FNDA:0,createQuestion
FNDA:0,updateQuestionStatus
FNDA:0,getQuestionById
FNDA:0,deleteQuestion
FNDA:0,getAllQuestionsByStatus
FNDA:0,getAllQuestionsByCategory
FNDA:0,getAllQuestionsByCategoryNoType
FNDA:0,getAllQuestions
FNDA:0,getAllQuestionsNoType
FNDA:0,getAllUsersQuestions
DA:2,1
DA:9,1
DA:11,1
DA:14,1
DA:15,1
DA:17,1
DA:18,1
DA:24,0
DA:28,0
DA:30,0
DA:31,0
DA:32,0
DA:35,0
DA:36,0
DA:44,0
DA:59,0
DA:61,0
DA:62,0
DA:63,0
DA:64,0
DA:65,0
DA:68,0
DA:69,0
DA:74,0
DA:75,0
DA:83,0
DA:94,0
DA:96,0
DA:97,0
DA:100,0
DA:101,0
DA:102,0
DA:105,0
DA:106,0
DA:111,0
DA:112,0
DA:120,0
DA:127,0
DA:129,0
DA:130,0
DA:132,0
DA:133,0
DA:134,0
DA:137,0
DA:138,0
DA:143,0
DA:144,0
DA:152,0
DA:162,0
DA:164,0
DA:165,0
DA:167,0
DA:168,0
DA:169,0
DA:172,0
DA:173,0
DA:178,0
DA:179,0
DA:188,0
DA:189,0
DA:193,0
DA:199,0
DA:200,0
DA:201,0
DA:202,0
DA:205,0
DA:212,0
DA:215,0
DA:216,0
DA:218,0
DA:219,0
DA:220,0
DA:223,0
DA:224,0
DA:229,0
DA:230,0
DA:235,0
DA:236,0
DA:239,0
DA:244,0
DA:245,0
DA:246,0
DA:247,0
DA:250,0
DA:257,0
DA:260,0
DA:261,0
DA:263,0
DA:264,0
DA:265,0
DA:268,0
DA:269,0
DA:274,0
DA:275,0
DA:282,0
DA:283,0
DA:287,0
DA:293,0
DA:294,0
DA:295,0
DA:296,0
DA:299,0
DA:305,0
DA:307,0
DA:308,0
DA:310,0
DA:311,0
DA:312,0
DA:315,0
DA:316,0
DA:322,0
DA:323,0
DA:330,0
DA:331,0
DA:334,0
DA:339,0
DA:340,0
DA:341,0
DA:342,0
DA:345,0
DA:351,0
DA:353,0
DA:354,0
DA:356,0
DA:357,0
DA:358,0
DA:361,0
DA:362,0
DA:368,0
DA:369,0
DA:377,0
DA:389,0
DA:391,0
DA:392,0
DA:394,0
DA:395,0
DA:396,0
DA:399,0
DA:400,0
DA:404,0
DA:405,0
DA:409,1
LF:142
LH:8
BRDA:63,0,0,0
BRDA:63,0,1,0
BRDA:100,1,0,0
BRDA:100,1,1,0
BRDA:132,2,0,0
BRDA:132,2,1,0
BRDA:167,3,0,0
BRDA:167,3,1,0
BRDA:199,4,0,0
BRDA:199,4,1,0
BRDA:218,5,0,0
BRDA:218,5,1,0
BRDA:244,6,0,0
BRDA:244,6,1,0
BRDA:263,7,0,0
BRDA:263,7,1,0
BRDA:293,8,0,0
BRDA:293,8,1,0
BRDA:310,9,0,0
BRDA:310,9,1,0
BRDA:339,10,0,0
BRDA:339,10,1,0
BRDA:356,11,0,0
BRDA:356,11,1,0
BRDA:394,12,0,0
BRDA:394,12,1,0
BRF:26
BRH:0
end_of_record
TN:
SF:src\dao\userDAO.js
FN:15,createUser
FN:38,findUserById
FN:58,deleteUserById
FN:78,updateUser
FN:95,getUserByUsername
FN:113,getAllUsers
FN:131,getUsersFriendsByUserId
FN:150,sendFriendRequest
FN:169,updateFriendsList
FN:193,getFriendRequestsByStatus
FN:218,respondToFriendRequest
FN:246,deleteFriendRequest
FNF:12
FNH:0
FNDA:0,createUser
FNDA:0,findUserById
FNDA:0,deleteUserById
FNDA:0,updateUser
FNDA:0,getUserByUsername
FNDA:0,getAllUsers
FNDA:0,getUsersFriendsByUserId
FNDA:0,sendFriendRequest
FNDA:0,updateFriendsList
FNDA:0,getFriendRequestsByStatus
FNDA:0,respondToFriendRequest
FNDA:0,deleteFriendRequest
DA:1,1
DA:3,1
DA:4,1
DA:7,1
DA:8,1
DA:11,1
DA:12,1
DA:16,0
DA:22,0
DA:27,0
DA:28,0
DA:29,0
DA:30,0
DA:32,0
DA:33,0
DA:39,0
DA:47,0
DA:48,0
DA:49,0
DA:52,0
DA:53,0
DA:59,0
DA:67,0
DA:68,0
DA:69,0
DA:72,0
DA:73,0
DA:79,0
DA:84,0
DA:85,0
DA:86,0
DA:87,0
DA:90,0
DA:96,0
DA:108,0
DA:109,0
DA:114,0
DA:121,0
DA:122,0
DA:123,0
DA:125,0
DA:126,0
DA:132,0
DA:140,0
DA:141,0
DA:142,0
DA:144,0
DA:145,0
DA:151,0
DA:156,0
DA:157,0
DA:158,0
DA:159,0
DA:162,0
DA:163,0
DA:170,0
DA:182,0
DA:183,0
DA:184,0
DA:185,0
DA:187,0
DA:188,0
DA:194,0
DA:205,0
DA:206,0
DA:207,0
DA:208,0
DA:211,0
DA:212,0
DA:219,0
DA:235,0
DA:236,0
DA:237,0
DA:240,0
DA:241,0
DA:247,0
DA:255,0
DA:256,0
DA:257,0
DA:259,0
DA:260,0
DA:265,1
LF:82
LH:8
BRDA:142,0,0,0
BRDA:142,0,1,0
BRDA:178,1,0,0
BRDA:178,1,1,0
BRDA:208,2,0,0
BRDA:208,2,1,0
BRF:6
BRH:0
end_of_record
TN:
SF:src\services\gameService.js
FN:10,startGame
FN:32,submitAnswer
FN:44,finishGame
FN:51,(anonymous_3)
FN:85,endGame
FNF:5
FNH:0
FNDA:0,startGame
FNDA:0,submitAnswer
FNDA:0,finishGame
FNDA:0,(anonymous_3)
FNDA:0,endGame
DA:1,1
DA:2,1
DA:3,1
DA:6,1
DA:7,1
DA:11,0
DA:12,0
DA:27,0
DA:28,0
DA:33,0
DA:34,0
DA:36,0
DA:37,0
DA:39,0
DA:40,0
DA:45,0
DA:46,0
DA:47,0
DA:49,0
DA:51,0
DA:52,0
DA:53,0
DA:54,0
DA:56,0
DA:57,0
DA:58,0
DA:62,0
DA:63,0
DA:64,0
DA:65,0
DA:67,0
DA:69,0
DA:70,0
DA:71,0
DA:73,0
DA:74,0
DA:77,0
DA:78,0
DA:80,0
DA:81,0
DA:87,0
DA:89,0
DA:92,0
DA:94,0
DA:97,1
LF:45
LH:6
BRDA:10,0,0,0
BRDA:17,1,0,0
BRDA:17,1,1,0
BRDA:22,2,0,0
BRDA:22,2,1,0
BRDA:24,3,0,0
BRDA:24,3,1,0
BRDA:32,4,0,0
BRDA:34,5,0,0
BRDA:34,5,1,0
BRDA:34,6,0,0
BRDA:34,6,1,0
BRDA:36,7,0,0
BRDA:36,7,1,0
BRDA:36,8,0,0
BRDA:36,8,1,0
BRDA:44,9,0,0
BRDA:47,10,0,0
BRDA:47,10,1,0
BRDA:52,11,0,0
BRDA:52,11,1,0
BRDA:53,12,0,0
BRDA:53,12,1,0
BRDA:56,13,0,0
BRDA:56,13,1,0
BRDA:57,14,0,0
BRDA:57,14,1,0
BRDA:58,15,0,0
BRDA:58,15,1,0
BRDA:67,16,0,0
BRDA:67,16,1,0
BRDA:69,17,0,0
BRDA:69,17,1,0
BRDA:70,18,0,0
BRDA:70,18,1,0
BRDA:73,19,0,0
BRDA:73,19,1,0
BRDA:73,20,0,0
BRDA:73,20,1,0
BRDA:89,21,0,0
BRDA:89,21,1,0
BRF:41
BRH:0
end_of_record
TN:
SF:src\services\questionService.js
FN:10,createQuestion
FN:64,updateQuestionStatus
FN:104,getQuestionsByCategory
FN:146,getAllPendingQuestions
FN:151,(anonymous_4)
FN:165,getAllApprovedQuestions
FN:170,getAllUsersQuestions
FN:180,getAPICategoryId
FN:206,getAPIQuestions
FNF:9
FNH:6
FNDA:4,createQuestion
FNDA:5,updateQuestionStatus
FNDA:2,getQuestionsByCategory
FNDA:1,getAllPendingQuestions
FNDA:0,(anonymous_4)
FNDA:0,getAllApprovedQuestions
FNDA:0,getAllUsersQuestions
FNDA:2,getAPICategoryId
FNDA:2,getAPIQuestions
DA:3,1
DA:4,1
DA:5,1
DA:11,4
DA:12,4
DA:13,1
DA:14,1
DA:25,3
DA:27,3
DA:28,1
DA:31,2
DA:33,2
DA:48,2
DA:49,2
DA:50,2
DA:54,2
DA:55,2
DA:65,5
DA:66,5
DA:68,5
DA:69,1
DA:70,1
DA:73,3
DA:74,1
DA:75,1
DA:76,1
DA:79,0
DA:80,0
DA:84,2
DA:85,1
DA:86,1
DA:89,1
DA:90,1
DA:95,1
DA:96,1
DA:105,2
DA:107,2
DA:110,2
DA:111,0
DA:112,0
DA:115,0
DA:119,2
DA:120,0
DA:123,2
DA:127,2
DA:128,2
DA:129,1
DA:131,1
DA:132,0
DA:136,1
DA:137,0
DA:138,0
DA:141,1
DA:147,1
DA:150,1
DA:152,0
DA:153,0
DA:160,0
DA:166,0
DA:171,0
DA:173,0
DA:174,0
DA:176,0
DA:182,2
DA:185,2
DA:186,2
DA:187,2
DA:190,2
DA:191,48
DA:192,0
DA:193,0
DA:198,0
DA:199,0
DA:202,2
DA:208,2
DA:209,2
DA:210,2
DA:212,2
DA:213,2
DA:215,2
DA:216,2
DA:219,2
DA:221,2
DA:223,2
DA:225,2
DA:226,2
DA:228,2
DA:231,0
DA:232,0
DA:236,0
DA:237,0
DA:242,1
LF:92
LH:67
BRDA:12,0,0,1
BRDA:12,0,1,3
BRDA:27,1,0,1
BRDA:27,1,1,2
BRDA:27,2,0,3
BRDA:27,2,1,2
BRDA:27,2,2,2
BRDA:27,2,3,2
BRDA:27,2,4,2
BRDA:27,2,5,2
BRDA:68,3,0,1
BRDA:68,3,1,3
BRDA:73,4,0,1
BRDA:73,4,1,2
BRDA:74,5,0,1
BRDA:74,5,1,0
BRDA:84,6,0,1
BRDA:84,6,1,1
BRDA:110,7,0,0
BRDA:110,7,1,2
BRDA:111,8,0,0
BRDA:111,8,1,0
BRDA:119,9,0,0
BRDA:119,9,1,2
BRDA:131,10,0,0
BRDA:131,10,1,1
BRDA:155,11,0,0
BRDA:155,11,1,0
BRDA:173,12,0,0
BRDA:173,12,1,0
BRDA:191,13,0,0
BRDA:191,13,1,48
BRDA:209,14,0,2
BRDA:209,14,1,0
BRDA:212,15,0,2
BRDA:212,15,1,0
BRDA:215,16,0,2
BRDA:215,16,1,0
BRDA:225,17,0,2
BRDA:225,17,1,0
BRF:40
BRH:25
end_of_record
TN:
SF:src\services\userService.js
FN:6,registerUser
FN:44,loginUser
FN:61,updateAccount
FN:96,updateProfile
FN:106,deleteUserById
FN:124,findUserById
FN:133,getStats
FN:150,getUsersStats
FN:153,(anonymous_8)
FN:168,getUsersCategoryScores
FN:171,(anonymous_10)
FN:181,getUsersScoreByCategory
FN:183,(anonymous_12)
FN:189,(anonymous_13)
FN:195,getAllUsers
FN:198,(anonymous_15)
FN:207,getUsersFriends
FN:221,sendFriendRequest
FN:261,addFriend
FN:290,denyRequest
FN:313,getFriendRequestsByStatus
FN:321,(anonymous_21)
FN:333,respondToFriendRequest
FN:376,deleteFriendRequest
FN:391,removeFriend
FN:396,(anonymous_25)
FNF:26
FNH:10
FNDA:3,registerUser
FNDA:3,loginUser
FNDA:4,updateAccount
FNDA:3,updateProfile
FNDA:2,deleteUserById
FNDA:0,findUserById
FNDA:0,getStats
FNDA:0,getUsersStats
FNDA:0,(anonymous_8)
FNDA:0,getUsersCategoryScores
FNDA:0,(anonymous_10)
FNDA:0,getUsersScoreByCategory
FNDA:0,(anonymous_12)
FNDA:0,(anonymous_13)
FNDA:0,getAllUsers
FNDA:0,(anonymous_15)
FNDA:2,getUsersFriends
FNDA:5,sendFriendRequest
FNDA:0,addFriend
FNDA:0,denyRequest
FNDA:2,getFriendRequestsByStatus
FNDA:1,(anonymous_21)
FNDA:0,respondToFriendRequest
FNDA:2,deleteFriendRequest
FNDA:0,removeFriend
FNDA:0,(anonymous_25)
DA:1,1
DA:2,1
DA:3,1
DA:9,3
DA:10,3
DA:11,1
DA:16,2
DA:17,2
DA:19,1
DA:38,1
DA:39,1
DA:40,1
DA:45,3
DA:46,0
DA:49,3
DA:51,3
DA:53,2
DA:54,2
DA:56,1
DA:57,1
DA:62,4
DA:64,4
DA:65,4
DA:67,4
DA:68,0
DA:70,4
DA:71,0
DA:73,4
DA:74,0
DA:76,4
DA:77,0
DA:79,4
DA:80,1
DA:82,4
DA:83,0
DA:85,4
DA:86,0
DA:88,4
DA:89,0
DA:92,4
DA:97,3
DA:99,2
DA:100,2
DA:102,2
DA:107,2
DA:108,2
DA:110,1
DA:111,1
DA:112,0
DA:117,1
DA:118,1
DA:120,0
DA:125,0
DA:126,0
DA:127,0
DA:129,0
DA:134,0
DA:135,0
DA:137,0
DA:151,0
DA:153,0
DA:170,0
DA:171,0
DA:177,0
DA:182,0
DA:183,0
DA:189,0
DA:196,0
DA:198,0
DA:208,2
DA:209,1
DA:212,1
DA:214,1
DA:222,5
DA:223,5
DA:225,5
DA:226,2
DA:229,3
DA:230,1
DA:233,2
DA:234,0
DA:237,2
DA:239,2
DA:251,2
DA:253,2
DA:262,0
DA:263,0
DA:265,0
DA:266,0
DA:269,0
DA:270,0
DA:273,0
DA:274,0
DA:275,0
DA:278,0
DA:279,0
DA:280,0
DA:283,0
DA:291,0
DA:292,0
DA:294,0
DA:295,0
DA:298,0
DA:299,0
DA:302,0
DA:303,0
DA:306,0
DA:314,2
DA:315,2
DA:316,1
DA:319,1
DA:321,1
DA:326,1
DA:334,0
DA:335,0
DA:336,0
DA:339,0
DA:340,0
DA:341,0
DA:344,0
DA:345,0
DA:346,0
DA:348,0
DA:357,0
DA:358,0
DA:359,0
DA:361,0
DA:370,0
DA:377,2
DA:378,0
DA:380,2
DA:381,1
DA:385,1
DA:392,0
DA:393,0
DA:394,0
DA:396,0
DA:397,0
DA:398,0
DA:400,0
DA:404,1
LF:141
LH:68
BRDA:10,0,0,1
BRDA:10,0,1,2
BRDA:45,1,0,0
BRDA:45,1,1,3
BRDA:45,2,0,3
BRDA:45,2,1,3
BRDA:51,3,0,1
BRDA:51,3,1,2
BRDA:54,4,0,1
BRDA:54,4,1,1
BRDA:64,5,0,4
BRDA:64,5,1,0
BRDA:67,6,0,0
BRDA:67,6,1,4
BRDA:67,7,0,4
BRDA:67,7,1,0
BRDA:70,8,0,0
BRDA:70,8,1,4
BRDA:70,9,0,4
BRDA:70,9,1,1
BRDA:73,10,0,0
BRDA:73,10,1,4
BRDA:73,11,0,4
BRDA:73,11,1,0
BRDA:76,12,0,0
BRDA:76,12,1,4
BRDA:76,13,0,4
BRDA:76,13,1,0
BRDA:79,14,0,1
BRDA:79,14,1,3
BRDA:79,15,0,4
BRDA:79,15,1,1
BRDA:82,16,0,0
BRDA:82,16,1,4
BRDA:82,17,0,4
BRDA:82,17,1,0
BRDA:85,18,0,0
BRDA:85,18,1,4
BRDA:85,19,0,4
BRDA:85,19,1,0
BRDA:88,20,0,0
BRDA:88,20,1,4
BRDA:88,21,0,4
BRDA:88,21,1,0
BRDA:97,22,0,1
BRDA:97,22,1,2
BRDA:97,23,0,3
BRDA:97,23,1,3
BRDA:97,23,2,2
BRDA:108,24,0,1
BRDA:108,24,1,1
BRDA:117,25,0,1
BRDA:117,25,1,0
BRDA:126,26,0,0
BRDA:126,26,1,0
BRDA:135,27,0,0
BRDA:135,27,1,0
BRDA:208,28,0,1
BRDA:208,28,1,1
BRDA:212,29,0,1
BRDA:212,29,1,0
BRDA:225,30,0,2
BRDA:225,30,1,3
BRDA:225,31,0,5
BRDA:225,31,1,4
BRDA:229,32,0,1
BRDA:229,32,1,2
BRDA:233,33,0,0
BRDA:233,33,1,2
BRDA:265,34,0,0
BRDA:265,34,1,0
BRDA:265,35,0,0
BRDA:265,35,1,0
BRDA:269,36,0,0
BRDA:269,36,1,0
BRDA:273,37,0,0
BRDA:273,37,1,0
BRDA:278,38,0,0
BRDA:278,38,1,0
BRDA:294,39,0,0
BRDA:294,39,1,0
BRDA:294,40,0,0
BRDA:294,40,1,0
BRDA:298,41,0,0
BRDA:298,41,1,0
BRDA:302,42,0,0
BRDA:302,42,1,0
BRDA:315,43,0,1
BRDA:315,43,1,1
BRDA:335,44,0,0
BRDA:335,44,1,0
BRDA:340,45,0,0
BRDA:340,45,1,0
BRDA:344,46,0,0
BRDA:344,46,1,0
BRDA:357,47,0,0
BRDA:357,47,1,0
BRDA:377,48,0,0
BRDA:377,48,1,2
BRDA:377,49,0,2
BRDA:377,49,1,2
BRDA:380,50,0,1
BRDA:380,50,1,1
BRDA:393,51,0,0
BRDA:393,51,1,0
BRDA:397,52,0,0
BRDA:397,52,1,0
BRF:107
BRH:54
end_of_record
TN:
SF:src\utils\jwt.js
FN:7,generateToken
FN:15,verifyToken
FN:19,authenticate
FN:37,authorizeRole
FN:38,(anonymous_4)
FNF:5
FNH:1
FNDA:2,generateToken
FNDA:0,verifyToken
FNDA:0,authenticate
FNDA:0,authorizeRole
FNDA:0,(anonymous_4)
DA:1,1
DA:2,1
DA:5,1
DA:8,2
DA:16,0
DA:20,0
DA:21,0
DA:22,0
DA:23,0
DA:26,0
DA:27,0
DA:28,0
DA:29,0
DA:30,0
DA:32,0
DA:33,0
DA:38,0
DA:39,0
DA:40,0
DA:41,0
DA:43,0
DA:47,1
LF:22
LH:5
BRDA:5,0,0,1
BRDA:5,0,1,1
BRDA:21,1,0,0
BRDA:21,1,1,0
BRDA:39,2,0,0
BRDA:39,2,1,0
BRDA:39,3,0,0
BRDA:39,3,1,0
BRF:8
BRH:2
end_of_record
TN:
SF:src\utils\logger.js
FN:14,(anonymous_0)
FN:27,loggerMiddleware
FNF:2
FNH:1
FNDA:12,(anonymous_0)
FNDA:0,loggerMiddleware
DA:1,1
DA:2,1
DA:3,1
DA:5,1
DA:7,1
DA:8,0
DA:11,1
DA:15,12
DA:28,0
DA:29,0
DA:32,1
LF:11
LH:8
BRDA:7,0,0,0
BRDA:7,0,1,1
BRF:2
BRH:1
end_of_record
